[4.495s] DEBUG:colcon:Command line arguments: ['/usr/bin/colcon', 'build']
[4.496s] DEBUG:colcon:Parsed command line arguments: Namespace(log_base=None, log_level=None, verb_name='build', build_base='build', install_base='install', merge_install=False, symlink_install=False, test_result_base=None, continue_on_error=False, executor='parallel', parallel_workers=4, event_handlers=None, ignore_user_meta=False, metas=['./colcon.meta'], base_paths=['.'], packages_ignore=None, packages_ignore_regex=None, paths=None, packages_up_to=None, packages_up_to_regex=None, packages_above=None, packages_above_and_dependencies=None, packages_above_depth=None, packages_select_by_dep=None, packages_skip_by_dep=None, packages_skip_up_to=None, packages_select_build_failed=False, packages_skip_build_finished=False, packages_select_test_failures=False, packages_skip_test_passed=False, packages_select=None, packages_skip=None, packages_select_regex=None, packages_skip_regex=None, packages_start=None, packages_end=None, allow_overriding=[], cmake_args=None, cmake_target=None, cmake_target_skip_unavailable=False, cmake_clean_cache=False, cmake_clean_first=False, cmake_force_configure=False, ament_cmake_args=None, catkin_cmake_args=None, catkin_skip_building_tests=False, verb_parser=<colcon_defaults.argument_parser.defaults.DefaultArgumentsDecorator object at 0xffffaa86f2b0>, verb_extension=<colcon_core.verb.build.BuildVerb object at 0xffffaab62a70>, main=<bound method BuildVerb.main of <colcon_core.verb.build.BuildVerb object at 0xffffaab62a70>>)
[4.702s] Level 1:colcon.colcon_core.package_discovery:discover_packages(colcon_meta) check parameters
[4.703s] Level 1:colcon.colcon_core.package_discovery:discover_packages(recursive) check parameters
[4.703s] Level 1:colcon.colcon_core.package_discovery:discover_packages(ignore) check parameters
[4.703s] Level 1:colcon.colcon_core.package_discovery:discover_packages(path) check parameters
[4.703s] Level 1:colcon.colcon_core.package_discovery:discover_packages(colcon_meta) discover
[4.703s] Level 1:colcon.colcon_core.package_discovery:discover_packages(recursive) discover
[4.703s] INFO:colcon.colcon_core.package_discovery:Crawling recursively for packages in '/home/redleader/ros2_ws'
[4.704s] Level 1:colcon.colcon_core.package_identification:_identify(.) by extensions ['ignore', 'ignore_ament_install']
[4.704s] Level 1:colcon.colcon_core.package_identification:_identify(.) by extension 'ignore'
[4.704s] Level 1:colcon.colcon_core.package_identification:_identify(.) by extension 'ignore_ament_install'
[4.704s] Level 1:colcon.colcon_core.package_identification:_identify(.) by extensions ['colcon_pkg']
[4.705s] Level 1:colcon.colcon_core.package_identification:_identify(.) by extension 'colcon_pkg'
[4.705s] Level 1:colcon.colcon_core.package_identification:_identify(.) by extensions ['colcon_meta']
[4.705s] Level 1:colcon.colcon_core.package_identification:_identify(.) by extension 'colcon_meta'
[4.705s] Level 1:colcon.colcon_core.package_identification:_identify(.) by extensions ['ros']
[4.705s] Level 1:colcon.colcon_core.package_identification:_identify(.) by extension 'ros'
[4.753s] Level 1:colcon.colcon_core.package_identification:_identify(.) by extensions ['cmake', 'python']
[4.753s] Level 1:colcon.colcon_core.package_identification:_identify(.) by extension 'cmake'
[4.753s] Level 1:colcon.colcon_core.package_identification:_identify(.) by extension 'python'
[4.753s] Level 1:colcon.colcon_core.package_identification:_identify(.) by extensions ['python_setup_py']
[4.753s] Level 1:colcon.colcon_core.package_identification:_identify(.) by extension 'python_setup_py'
[4.754s] Level 1:colcon.colcon_core.package_identification:_identify(build) by extensions ['ignore', 'ignore_ament_install']
[4.754s] Level 1:colcon.colcon_core.package_identification:_identify(build) by extension 'ignore'
[4.754s] Level 1:colcon.colcon_core.package_identification:_identify(build) ignored
[4.755s] Level 1:colcon.colcon_core.package_identification:_identify(install) by extensions ['ignore', 'ignore_ament_install']
[4.755s] Level 1:colcon.colcon_core.package_identification:_identify(install) by extension 'ignore'
[4.756s] Level 1:colcon.colcon_core.package_identification:_identify(install) ignored
[4.756s] Level 1:colcon.colcon_core.package_identification:_identify(log) by extensions ['ignore', 'ignore_ament_install']
[4.756s] Level 1:colcon.colcon_core.package_identification:_identify(log) by extension 'ignore'
[4.756s] Level 1:colcon.colcon_core.package_identification:_identify(log) ignored
[4.757s] Level 1:colcon.colcon_core.package_identification:_identify(src) by extensions ['ignore', 'ignore_ament_install']
[4.757s] Level 1:colcon.colcon_core.package_identification:_identify(src) by extension 'ignore'
[4.757s] Level 1:colcon.colcon_core.package_identification:_identify(src) by extension 'ignore_ament_install'
[4.757s] Level 1:colcon.colcon_core.package_identification:_identify(src) by extensions ['colcon_pkg']
[4.758s] Level 1:colcon.colcon_core.package_identification:_identify(src) by extension 'colcon_pkg'
[4.758s] Level 1:colcon.colcon_core.package_identification:_identify(src) by extensions ['colcon_meta']
[4.758s] Level 1:colcon.colcon_core.package_identification:_identify(src) by extension 'colcon_meta'
[4.758s] Level 1:colcon.colcon_core.package_identification:_identify(src) by extensions ['ros']
[4.758s] Level 1:colcon.colcon_core.package_identification:_identify(src) by extension 'ros'
[4.758s] Level 1:colcon.colcon_core.package_identification:_identify(src) by extensions ['cmake', 'python']
[4.759s] Level 1:colcon.colcon_core.package_identification:_identify(src) by extension 'cmake'
[4.759s] Level 1:colcon.colcon_core.package_identification:_identify(src) by extension 'python'
[4.759s] Level 1:colcon.colcon_core.package_identification:_identify(src) by extensions ['python_setup_py']
[4.759s] Level 1:colcon.colcon_core.package_identification:_identify(src) by extension 'python_setup_py'
[4.759s] Level 1:colcon.colcon_core.package_identification:_identify(src/my_id_robot) by extensions ['ignore', 'ignore_ament_install']
[4.760s] Level 1:colcon.colcon_core.package_identification:_identify(src/my_id_robot) by extension 'ignore'
[4.760s] Level 1:colcon.colcon_core.package_identification:_identify(src/my_id_robot) by extension 'ignore_ament_install'
[4.760s] Level 1:colcon.colcon_core.package_identification:_identify(src/my_id_robot) by extensions ['colcon_pkg']
[4.760s] Level 1:colcon.colcon_core.package_identification:_identify(src/my_id_robot) by extension 'colcon_pkg'
[4.760s] Level 1:colcon.colcon_core.package_identification:_identify(src/my_id_robot) by extensions ['colcon_meta']
[4.760s] Level 1:colcon.colcon_core.package_identification:_identify(src/my_id_robot) by extension 'colcon_meta'
[4.761s] Level 1:colcon.colcon_core.package_identification:_identify(src/my_id_robot) by extensions ['ros']
[4.761s] Level 1:colcon.colcon_core.package_identification:_identify(src/my_id_robot) by extension 'ros'
[4.769s] DEBUG:colcon.colcon_core.package_identification:Package 'src/my_id_robot' with type 'ros.ament_python' and name 'my_id_robot'
[4.770s] Level 1:colcon.colcon_core.package_discovery:discover_packages(recursive) using defaults
[4.770s] Level 1:colcon.colcon_core.package_discovery:discover_packages(ignore) discover
[4.770s] Level 1:colcon.colcon_core.package_discovery:discover_packages(ignore) using defaults
[4.770s] Level 1:colcon.colcon_core.package_discovery:discover_packages(path) discover
[4.770s] Level 1:colcon.colcon_core.package_discovery:discover_packages(path) using defaults
[5.162s] Level 1:colcon.colcon_core.package_discovery:discover_packages(prefix_path) check parameters
[5.162s] Level 1:colcon.colcon_core.package_discovery:discover_packages(prefix_path) discover
[5.231s] WARNING:colcon.colcon_core.prefix_path.colcon:The path '/home/redleader/ros_ws/install' in the environment variable COLCON_PREFIX_PATH doesn't exist
[5.232s] WARNING:colcon.colcon_ros.prefix_path.ament:The path '/home/redleader/ros_ws/install/my_id_robot' in the environment variable AMENT_PREFIX_PATH doesn't exist
[5.305s] DEBUG:colcon.colcon_installed_package_information.package_discovery:Found 1 installed packages in /home/redleader/ros2_ws/install
[5.376s] DEBUG:colcon.colcon_installed_package_information.package_discovery:Found 271 installed packages in /opt/ros/humble
[5.382s] Level 1:colcon.colcon_core.package_discovery:discover_packages(prefix_path) using defaults
[5.820s] Level 5:colcon.colcon_core.verb:set package 'my_id_robot' build argument 'cmake_args' from command line to 'None'
[5.821s] Level 5:colcon.colcon_core.verb:set package 'my_id_robot' build argument 'cmake_target' from command line to 'None'
[5.825s] Level 5:colcon.colcon_core.verb:set package 'my_id_robot' build argument 'cmake_target_skip_unavailable' from command line to 'False'
[5.825s] Level 5:colcon.colcon_core.verb:set package 'my_id_robot' build argument 'cmake_clean_cache' from command line to 'False'
[5.826s] Level 5:colcon.colcon_core.verb:set package 'my_id_robot' build argument 'cmake_clean_first' from command line to 'False'
[5.826s] Level 5:colcon.colcon_core.verb:set package 'my_id_robot' build argument 'cmake_force_configure' from command line to 'False'
[5.826s] Level 5:colcon.colcon_core.verb:set package 'my_id_robot' build argument 'ament_cmake_args' from command line to 'None'
[5.826s] Level 5:colcon.colcon_core.verb:set package 'my_id_robot' build argument 'catkin_cmake_args' from command line to 'None'
[5.826s] Level 5:colcon.colcon_core.verb:set package 'my_id_robot' build argument 'catkin_skip_building_tests' from command line to 'False'
[5.826s] DEBUG:colcon.colcon_core.verb:Building package 'my_id_robot' with the following arguments: {'ament_cmake_args': None, 'build_base': '/home/redleader/ros2_ws/build/my_id_robot', 'catkin_cmake_args': None, 'catkin_skip_building_tests': False, 'cmake_args': None, 'cmake_clean_cache': False, 'cmake_clean_first': False, 'cmake_force_configure': False, 'cmake_target': None, 'cmake_target_skip_unavailable': False, 'install_base': '/home/redleader/ros2_ws/install/my_id_robot', 'merge_install': False, 'path': '/home/redleader/ros2_ws/src/my_id_robot', 'symlink_install': False, 'test_result_base': None}
[5.894s] INFO:colcon.colcon_core.executor:Executing jobs using 'parallel' executor
[5.961s] DEBUG:colcon.colcon_parallel_executor.executor.parallel:run_until_complete
[5.962s] INFO:colcon.colcon_ros.task.ament_python.build:Building ROS package in '/home/redleader/ros2_ws/src/my_id_robot' with build type 'ament_python'
[5.963s] Level 1:colcon.colcon_core.shell:create_environment_hook('my_id_robot', 'ament_prefix_path')
[6.041s] INFO:colcon.colcon_core.plugin_system:Skipping extension 'colcon_core.shell.bat': Not used on non-Windows systems
[6.043s] INFO:colcon.colcon_core.shell:Creating environment hook '/home/redleader/ros2_ws/install/my_id_robot/share/my_id_robot/hook/ament_prefix_path.ps1'
[6.045s] INFO:colcon.colcon_core.shell:Creating environment descriptor '/home/redleader/ros2_ws/install/my_id_robot/share/my_id_robot/hook/ament_prefix_path.dsv'
[6.047s] INFO:colcon.colcon_core.shell:Creating environment hook '/home/redleader/ros2_ws/install/my_id_robot/share/my_id_robot/hook/ament_prefix_path.sh'
[6.121s] INFO:colcon.colcon_core.shell:Skip shell extension 'powershell' for command environment: Not usable outside of PowerShell
[6.121s] DEBUG:colcon.colcon_core.shell:Skip shell extension 'dsv' for command environment
[7.560s] INFO:colcon.colcon_core.task.python.build:Building Python package in '/home/redleader/ros2_ws/src/my_id_robot'
[7.630s] INFO:colcon.colcon_core.shell:Skip shell extension 'powershell' for command environment: Not usable outside of PowerShell
[7.631s] DEBUG:colcon.colcon_core.shell:Skip shell extension 'dsv' for command environment
[9.373s] DEBUG:colcon.colcon_core.event_handler.log_command:Invoking command in '/home/redleader/ros2_ws/src/my_id_robot': PYTHONPATH=/home/redleader/ros2_ws/build/my_id_robot/prefix_override:/home/redleader/ros2_ws/install/my_id_robot/lib/python3.10/site-packages:${PYTHONPATH} /usr/bin/python3 setup.py egg_info --egg-base ../../build/my_id_robot build --build-base /home/redleader/ros2_ws/build/my_id_robot/build install --record /home/redleader/ros2_ws/build/my_id_robot/install.log --install-scripts $base/lib/my_id_robot --single-version-externally-managed
[10.744s] DEBUG:colcon.colcon_core.event_handler.log_command:Invoked command in '/home/redleader/ros2_ws/src/my_id_robot' returned '0': PYTHONPATH=/home/redleader/ros2_ws/build/my_id_robot/prefix_override:/home/redleader/ros2_ws/install/my_id_robot/lib/python3.10/site-packages:${PYTHONPATH} /usr/bin/python3 setup.py egg_info --egg-base ../../build/my_id_robot build --build-base /home/redleader/ros2_ws/build/my_id_robot/build install --record /home/redleader/ros2_ws/build/my_id_robot/install.log --install-scripts $base/lib/my_id_robot --single-version-externally-managed
[10.820s] Level 1:colcon.colcon_core.environment:checking '/home/redleader/ros2_ws/install/my_id_robot' for CMake module files
[10.823s] Level 1:colcon.colcon_core.environment:checking '/home/redleader/ros2_ws/install/my_id_robot' for CMake config files
[10.831s] Level 1:colcon.colcon_core.environment:checking '/home/redleader/ros2_ws/install/my_id_robot/lib'
[10.831s] Level 1:colcon.colcon_core.environment:checking '/home/redleader/ros2_ws/install/my_id_robot/bin'
[10.832s] Level 1:colcon.colcon_core.environment:checking '/home/redleader/ros2_ws/install/my_id_robot/lib/pkgconfig/my_id_robot.pc'
[10.833s] Level 1:colcon.colcon_core.environment:checking '/home/redleader/ros2_ws/install/my_id_robot/lib/python3.10/site-packages'
[10.834s] Level 1:colcon.colcon_core.shell:create_environment_hook('my_id_robot', 'pythonpath')
[10.901s] INFO:colcon.colcon_core.shell:Creating environment hook '/home/redleader/ros2_ws/install/my_id_robot/share/my_id_robot/hook/pythonpath.ps1'
[10.903s] INFO:colcon.colcon_core.shell:Creating environment descriptor '/home/redleader/ros2_ws/install/my_id_robot/share/my_id_robot/hook/pythonpath.dsv'
[10.904s] INFO:colcon.colcon_core.shell:Creating environment hook '/home/redleader/ros2_ws/install/my_id_robot/share/my_id_robot/hook/pythonpath.sh'
[10.907s] Level 1:colcon.colcon_core.environment:checking '/home/redleader/ros2_ws/install/my_id_robot/bin'
[10.907s] Level 1:colcon.colcon_core.environment:create_environment_scripts_only(my_id_robot)
[10.977s] INFO:colcon.colcon_core.shell:Creating package script '/home/redleader/ros2_ws/install/my_id_robot/share/my_id_robot/package.ps1'
[10.980s] INFO:colcon.colcon_core.shell:Creating package descriptor '/home/redleader/ros2_ws/install/my_id_robot/share/my_id_robot/package.dsv'
[10.983s] INFO:colcon.colcon_core.shell:Creating package script '/home/redleader/ros2_ws/install/my_id_robot/share/my_id_robot/package.sh'
[10.986s] INFO:colcon.colcon_core.shell:Creating package script '/home/redleader/ros2_ws/install/my_id_robot/share/my_id_robot/package.bash'
[10.989s] INFO:colcon.colcon_core.shell:Creating package script '/home/redleader/ros2_ws/install/my_id_robot/share/my_id_robot/package.zsh'
[10.992s] Level 1:colcon.colcon_core.environment:create_file_with_runtime_dependencies(/home/redleader/ros2_ws/install/my_id_robot/share/colcon-core/packages/my_id_robot)
[10.994s] DEBUG:colcon.colcon_parallel_executor.executor.parallel:closing loop
[10.995s] DEBUG:colcon.colcon_parallel_executor.executor.parallel:loop closed
[10.996s] DEBUG:colcon.colcon_parallel_executor.executor.parallel:run_until_complete finished with '0'
[10.996s] DEBUG:colcon.colcon_core.event_reactor:joining thread
[11.091s] INFO:colcon.colcon_core.plugin_system:Skipping extension 'colcon_notification.desktop_notification.terminal_notifier': Not used on non-Darwin systems
[11.091s] INFO:colcon.colcon_core.plugin_system:Skipping extension 'colcon_notification.desktop_notification.win32': Not used on non-Windows systems
[11.091s] INFO:colcon.colcon_notification.desktop_notification:Sending desktop notification using 'notify2'
[11.143s] DEBUG:colcon.colcon_core.event_reactor:joined thread
[11.233s] INFO:colcon.colcon_core.shell:Creating prefix script '/home/redleader/ros2_ws/install/local_setup.ps1'
[11.238s] INFO:colcon.colcon_core.shell:Creating prefix util module '/home/redleader/ros2_ws/install/_local_setup_util_ps1.py'
[11.245s] INFO:colcon.colcon_core.shell:Creating prefix chain script '/home/redleader/ros2_ws/install/setup.ps1'
[11.324s] INFO:colcon.colcon_core.shell:Creating prefix script '/home/redleader/ros2_ws/install/local_setup.sh'
[11.326s] INFO:colcon.colcon_core.shell:Creating prefix util module '/home/redleader/ros2_ws/install/_local_setup_util_sh.py'
[11.329s] INFO:colcon.colcon_core.shell:Creating prefix chain script '/home/redleader/ros2_ws/install/setup.sh'
[11.400s] INFO:colcon.colcon_core.shell:Creating prefix script '/home/redleader/ros2_ws/install/local_setup.bash'
[11.403s] INFO:colcon.colcon_core.shell:Creating prefix chain script '/home/redleader/ros2_ws/install/setup.bash'
[11.470s] INFO:colcon.colcon_core.shell:Creating prefix script '/home/redleader/ros2_ws/install/local_setup.zsh'
[11.472s] INFO:colcon.colcon_core.shell:Creating prefix chain script '/home/redleader/ros2_ws/install/setup.zsh'
