[4.744s] Invoking command in '/home/redleader/ros2_ws/src/my_id_robot': PYTHONPATH=/home/redleader/ros2_ws/build/my_id_robot/prefix_override:/home/redleader/ros2_ws/install/my_id_robot/lib/python3.10/site-packages:${PYTHONPATH} /usr/bin/python3 setup.py egg_info --egg-base ../../build/my_id_robot build --build-base /home/redleader/ros2_ws/build/my_id_robot/build install --record /home/redleader/ros2_ws/build/my_id_robot/install.log --install-scripts $base/lib/my_id_robot --single-version-externally-managed
[6.091s] /usr/lib/python3/dist-packages/setuptools/dist.py:723: UserWarning: Usage of dash-separated 'script-dir' will not be supported in future versions. Please use the underscore name 'script_dir' instead
[6.091s]   warnings.warn(
[6.138s] running egg_info
[6.141s] writing ../../build/my_id_robot/my_id_robot.egg-info/PKG-INFO
[6.143s] writing dependency_links to ../../build/my_id_robot/my_id_robot.egg-info/dependency_links.txt
[6.144s] writing entry points to ../../build/my_id_robot/my_id_robot.egg-info/entry_points.txt
[6.146s] writing requirements to ../../build/my_id_robot/my_id_robot.egg-info/requires.txt
[6.146s] writing top-level names to ../../build/my_id_robot/my_id_robot.egg-info/top_level.txt
[6.159s] reading manifest file '../../build/my_id_robot/my_id_robot.egg-info/SOURCES.txt'
[6.165s] writing manifest file '../../build/my_id_robot/my_id_robot.egg-info/SOURCES.txt'
[6.165s] running build
[6.166s] running build_py
[6.172s] running install
[6.173s] /usr/lib/python3/dist-packages/setuptools/command/install.py:34: SetuptoolsDeprecationWarning: setup.py install is deprecated. Use build and pip and other standards-based tools.
[6.174s]   warnings.warn(
[6.174s] running install_lib
[6.186s] running install_data
[6.190s] running install_egg_info
[6.201s] removing '/home/redleader/ros2_ws/install/my_id_robot/lib/python3.10/site-packages/my_id_robot-0.0.0-py3.10.egg-info' (and everything under it)
[6.204s] Copying ../../build/my_id_robot/my_id_robot.egg-info to /home/redleader/ros2_ws/install/my_id_robot/lib/python3.10/site-packages/my_id_robot-0.0.0-py3.10.egg-info
[6.215s] running install_scripts
[6.314s] Installing main_subscriber script to /home/redleader/ros2_ws/install/my_id_robot/lib/my_id_robot
[6.315s] Installing my_robot_launch script to /home/redleader/ros2_ws/install/my_id_robot/lib/my_id_robot
[6.317s] Installing opencv_subscriber script to /home/redleader/ros2_ws/install/my_id_robot/lib/my_id_robot
[6.318s] Installing servo_subscriber script to /home/redleader/ros2_ws/install/my_id_robot/lib/my_id_robot
[6.319s] Installing voice_publisher script to /home/redleader/ros2_ws/install/my_id_robot/lib/my_id_robot
[6.322s] writing list of installed files to '/home/redleader/ros2_ws/build/my_id_robot/install.log'
[6.451s] Invoked command in '/home/redleader/ros2_ws/src/my_id_robot' returned '0': PYTHONPATH=/home/redleader/ros2_ws/build/my_id_robot/prefix_override:/home/redleader/ros2_ws/install/my_id_robot/lib/python3.10/site-packages:${PYTHONPATH} /usr/bin/python3 setup.py egg_info --egg-base ../../build/my_id_robot build --build-base /home/redleader/ros2_ws/build/my_id_robot/build install --record /home/redleader/ros2_ws/build/my_id_robot/install.log --install-scripts $base/lib/my_id_robot --single-version-externally-managed
