[4.746s] DEBUG:colcon:Command line arguments: ['/usr/bin/colcon', 'build']
[4.746s] DEBUG:colcon:Parsed command line arguments: Namespace(log_base=None, log_level=None, verb_name='build', build_base='build', install_base='install', merge_install=False, symlink_install=False, test_result_base=None, continue_on_error=False, executor='parallel', parallel_workers=4, event_handlers=None, ignore_user_meta=False, metas=['./colcon.meta'], base_paths=['.'], packages_ignore=None, packages_ignore_regex=None, paths=None, packages_up_to=None, packages_up_to_regex=None, packages_above=None, packages_above_and_dependencies=None, packages_above_depth=None, packages_select_by_dep=None, packages_skip_by_dep=None, packages_skip_up_to=None, packages_select_build_failed=False, packages_skip_build_finished=False, packages_select_test_failures=False, packages_skip_test_passed=False, packages_select=None, packages_skip=None, packages_select_regex=None, packages_skip_regex=None, packages_start=None, packages_end=None, allow_overriding=[], cmake_args=None, cmake_target=None, cmake_target_skip_unavailable=False, cmake_clean_cache=False, cmake_clean_first=False, cmake_force_configure=False, ament_cmake_args=None, catkin_cmake_args=None, catkin_skip_building_tests=False, verb_parser=<colcon_defaults.argument_parser.defaults.DefaultArgumentsDecorator object at 0xffff985ebd30>, verb_extension=<colcon_core.verb.build.BuildVerb object at 0xffff98b34fa0>, main=<bound method BuildVerb.main of <colcon_core.verb.build.BuildVerb object at 0xffff98b34fa0>>)
[4.994s] Level 1:colcon.colcon_core.package_discovery:discover_packages(colcon_meta) check parameters
[4.995s] Level 1:colcon.colcon_core.package_discovery:discover_packages(recursive) check parameters
[4.995s] Level 1:colcon.colcon_core.package_discovery:discover_packages(ignore) check parameters
[4.995s] Level 1:colcon.colcon_core.package_discovery:discover_packages(path) check parameters
[4.995s] Level 1:colcon.colcon_core.package_discovery:discover_packages(colcon_meta) discover
[4.995s] Level 1:colcon.colcon_core.package_discovery:discover_packages(recursive) discover
[4.996s] INFO:colcon.colcon_core.package_discovery:Crawling recursively for packages in '/home/redleader'
[4.996s] Level 1:colcon.colcon_core.package_identification:_identify(.) by extensions ['ignore', 'ignore_ament_install']
[4.997s] Level 1:colcon.colcon_core.package_identification:_identify(.) by extension 'ignore'
[4.997s] Level 1:colcon.colcon_core.package_identification:_identify(.) by extension 'ignore_ament_install'
[4.997s] Level 1:colcon.colcon_core.package_identification:_identify(.) by extensions ['colcon_pkg']
[4.997s] Level 1:colcon.colcon_core.package_identification:_identify(.) by extension 'colcon_pkg'
[4.998s] Level 1:colcon.colcon_core.package_identification:_identify(.) by extensions ['colcon_meta']
[4.998s] Level 1:colcon.colcon_core.package_identification:_identify(.) by extension 'colcon_meta'
[4.998s] Level 1:colcon.colcon_core.package_identification:_identify(.) by extensions ['ros']
[4.998s] Level 1:colcon.colcon_core.package_identification:_identify(.) by extension 'ros'
[5.049s] Level 1:colcon.colcon_core.package_identification:_identify(.) by extensions ['cmake', 'python']
[5.050s] Level 1:colcon.colcon_core.package_identification:_identify(.) by extension 'cmake'
[5.050s] Level 1:colcon.colcon_core.package_identification:_identify(.) by extension 'python'
[5.050s] Level 1:colcon.colcon_core.package_identification:_identify(.) by extensions ['python_setup_py']
[5.050s] Level 1:colcon.colcon_core.package_identification:_identify(.) by extension 'python_setup_py'
[5.051s] Level 1:colcon.colcon_core.package_identification:_identify(Desktop) by extensions ['ignore', 'ignore_ament_install']
[5.052s] Level 1:colcon.colcon_core.package_identification:_identify(Desktop) by extension 'ignore'
[5.052s] Level 1:colcon.colcon_core.package_identification:_identify(Desktop) by extension 'ignore_ament_install'
[5.052s] Level 1:colcon.colcon_core.package_identification:_identify(Desktop) by extensions ['colcon_pkg']
[5.053s] Level 1:colcon.colcon_core.package_identification:_identify(Desktop) by extension 'colcon_pkg'
[5.053s] Level 1:colcon.colcon_core.package_identification:_identify(Desktop) by extensions ['colcon_meta']
[5.053s] Level 1:colcon.colcon_core.package_identification:_identify(Desktop) by extension 'colcon_meta'
[5.053s] Level 1:colcon.colcon_core.package_identification:_identify(Desktop) by extensions ['ros']
[5.053s] Level 1:colcon.colcon_core.package_identification:_identify(Desktop) by extension 'ros'
[5.054s] Level 1:colcon.colcon_core.package_identification:_identify(Desktop) by extensions ['cmake', 'python']
[5.054s] Level 1:colcon.colcon_core.package_identification:_identify(Desktop) by extension 'cmake'
[5.054s] Level 1:colcon.colcon_core.package_identification:_identify(Desktop) by extension 'python'
[5.054s] Level 1:colcon.colcon_core.package_identification:_identify(Desktop) by extensions ['python_setup_py']
[5.054s] Level 1:colcon.colcon_core.package_identification:_identify(Desktop) by extension 'python_setup_py'
[5.055s] Level 1:colcon.colcon_core.package_identification:_identify(Documents) by extensions ['ignore', 'ignore_ament_install']
[5.056s] Level 1:colcon.colcon_core.package_identification:_identify(Documents) by extension 'ignore'
[5.056s] Level 1:colcon.colcon_core.package_identification:_identify(Documents) by extension 'ignore_ament_install'
[5.056s] Level 1:colcon.colcon_core.package_identification:_identify(Documents) by extensions ['colcon_pkg']
[5.056s] Level 1:colcon.colcon_core.package_identification:_identify(Documents) by extension 'colcon_pkg'
[5.056s] Level 1:colcon.colcon_core.package_identification:_identify(Documents) by extensions ['colcon_meta']
[5.057s] Level 1:colcon.colcon_core.package_identification:_identify(Documents) by extension 'colcon_meta'
[5.057s] Level 1:colcon.colcon_core.package_identification:_identify(Documents) by extensions ['ros']
[5.057s] Level 1:colcon.colcon_core.package_identification:_identify(Documents) by extension 'ros'
[5.057s] Level 1:colcon.colcon_core.package_identification:_identify(Documents) by extensions ['cmake', 'python']
[5.058s] Level 1:colcon.colcon_core.package_identification:_identify(Documents) by extension 'cmake'
[5.058s] Level 1:colcon.colcon_core.package_identification:_identify(Documents) by extension 'python'
[5.058s] Level 1:colcon.colcon_core.package_identification:_identify(Documents) by extensions ['python_setup_py']
[5.058s] Level 1:colcon.colcon_core.package_identification:_identify(Documents) by extension 'python_setup_py'
[5.059s] Level 1:colcon.colcon_core.package_identification:_identify(Downloads) by extensions ['ignore', 'ignore_ament_install']
[5.059s] Level 1:colcon.colcon_core.package_identification:_identify(Downloads) by extension 'ignore'
[5.059s] Level 1:colcon.colcon_core.package_identification:_identify(Downloads) by extension 'ignore_ament_install'
[5.059s] Level 1:colcon.colcon_core.package_identification:_identify(Downloads) by extensions ['colcon_pkg']
[5.060s] Level 1:colcon.colcon_core.package_identification:_identify(Downloads) by extension 'colcon_pkg'
[5.060s] Level 1:colcon.colcon_core.package_identification:_identify(Downloads) by extensions ['colcon_meta']
[5.060s] Level 1:colcon.colcon_core.package_identification:_identify(Downloads) by extension 'colcon_meta'
[5.060s] Level 1:colcon.colcon_core.package_identification:_identify(Downloads) by extensions ['ros']
[5.060s] Level 1:colcon.colcon_core.package_identification:_identify(Downloads) by extension 'ros'
[5.061s] Level 1:colcon.colcon_core.package_identification:_identify(Downloads) by extensions ['cmake', 'python']
[5.061s] Level 1:colcon.colcon_core.package_identification:_identify(Downloads) by extension 'cmake'
[5.158s] Level 1:colcon.colcon_core.package_identification:_identify(Downloads) by extension 'python'
[5.159s] DEBUG:colcon.colcon_core.package_identification:Package 'Downloads' with type 'cmake' and name 'DisplayImage'
[5.160s] Level 1:colcon.colcon_core.package_identification:_identify(Music) by extensions ['ignore', 'ignore_ament_install']
[5.161s] Level 1:colcon.colcon_core.package_identification:_identify(Music) by extension 'ignore'
[5.161s] Level 1:colcon.colcon_core.package_identification:_identify(Music) by extension 'ignore_ament_install'
[5.161s] Level 1:colcon.colcon_core.package_identification:_identify(Music) by extensions ['colcon_pkg']
[5.161s] Level 1:colcon.colcon_core.package_identification:_identify(Music) by extension 'colcon_pkg'
[5.162s] Level 1:colcon.colcon_core.package_identification:_identify(Music) by extensions ['colcon_meta']
[5.162s] Level 1:colcon.colcon_core.package_identification:_identify(Music) by extension 'colcon_meta'
[5.162s] Level 1:colcon.colcon_core.package_identification:_identify(Music) by extensions ['ros']
[5.162s] Level 1:colcon.colcon_core.package_identification:_identify(Music) by extension 'ros'
[5.163s] Level 1:colcon.colcon_core.package_identification:_identify(Music) by extensions ['cmake', 'python']
[5.163s] Level 1:colcon.colcon_core.package_identification:_identify(Music) by extension 'cmake'
[5.163s] Level 1:colcon.colcon_core.package_identification:_identify(Music) by extension 'python'
[5.163s] Level 1:colcon.colcon_core.package_identification:_identify(Music) by extensions ['python_setup_py']
[5.163s] Level 1:colcon.colcon_core.package_identification:_identify(Music) by extension 'python_setup_py'
[5.165s] Level 1:colcon.colcon_core.package_identification:_identify(Pictures) by extensions ['ignore', 'ignore_ament_install']
[5.165s] Level 1:colcon.colcon_core.package_identification:_identify(Pictures) by extension 'ignore'
[5.165s] Level 1:colcon.colcon_core.package_identification:_identify(Pictures) by extension 'ignore_ament_install'
[5.166s] Level 1:colcon.colcon_core.package_identification:_identify(Pictures) by extensions ['colcon_pkg']
[5.166s] Level 1:colcon.colcon_core.package_identification:_identify(Pictures) by extension 'colcon_pkg'
[5.166s] Level 1:colcon.colcon_core.package_identification:_identify(Pictures) by extensions ['colcon_meta']
[5.166s] Level 1:colcon.colcon_core.package_identification:_identify(Pictures) by extension 'colcon_meta'
[5.166s] Level 1:colcon.colcon_core.package_identification:_identify(Pictures) by extensions ['ros']
[5.167s] Level 1:colcon.colcon_core.package_identification:_identify(Pictures) by extension 'ros'
[5.167s] Level 1:colcon.colcon_core.package_identification:_identify(Pictures) by extensions ['cmake', 'python']
[5.167s] Level 1:colcon.colcon_core.package_identification:_identify(Pictures) by extension 'cmake'
[5.167s] Level 1:colcon.colcon_core.package_identification:_identify(Pictures) by extension 'python'
[5.168s] Level 1:colcon.colcon_core.package_identification:_identify(Pictures) by extensions ['python_setup_py']
[5.168s] Level 1:colcon.colcon_core.package_identification:_identify(Pictures) by extension 'python_setup_py'
[5.169s] Level 1:colcon.colcon_core.package_identification:_identify(Public) by extensions ['ignore', 'ignore_ament_install']
[5.169s] Level 1:colcon.colcon_core.package_identification:_identify(Public) by extension 'ignore'
[5.170s] Level 1:colcon.colcon_core.package_identification:_identify(Public) by extension 'ignore_ament_install'
[5.170s] Level 1:colcon.colcon_core.package_identification:_identify(Public) by extensions ['colcon_pkg']
[5.170s] Level 1:colcon.colcon_core.package_identification:_identify(Public) by extension 'colcon_pkg'
[5.170s] Level 1:colcon.colcon_core.package_identification:_identify(Public) by extensions ['colcon_meta']
[5.171s] Level 1:colcon.colcon_core.package_identification:_identify(Public) by extension 'colcon_meta'
[5.171s] Level 1:colcon.colcon_core.package_identification:_identify(Public) by extensions ['ros']
[5.171s] Level 1:colcon.colcon_core.package_identification:_identify(Public) by extension 'ros'
[5.171s] Level 1:colcon.colcon_core.package_identification:_identify(Public) by extensions ['cmake', 'python']
[5.171s] Level 1:colcon.colcon_core.package_identification:_identify(Public) by extension 'cmake'
[5.172s] Level 1:colcon.colcon_core.package_identification:_identify(Public) by extension 'python'
[5.172s] Level 1:colcon.colcon_core.package_identification:_identify(Public) by extensions ['python_setup_py']
[5.172s] Level 1:colcon.colcon_core.package_identification:_identify(Public) by extension 'python_setup_py'
[5.172s] Level 1:colcon.colcon_core.package_identification:_identify(Templates) by extensions ['ignore', 'ignore_ament_install']
[5.173s] Level 1:colcon.colcon_core.package_identification:_identify(Templates) by extension 'ignore'
[5.173s] Level 1:colcon.colcon_core.package_identification:_identify(Templates) by extension 'ignore_ament_install'
[5.173s] Level 1:colcon.colcon_core.package_identification:_identify(Templates) by extensions ['colcon_pkg']
[5.173s] Level 1:colcon.colcon_core.package_identification:_identify(Templates) by extension 'colcon_pkg'
[5.174s] Level 1:colcon.colcon_core.package_identification:_identify(Templates) by extensions ['colcon_meta']
[5.174s] Level 1:colcon.colcon_core.package_identification:_identify(Templates) by extension 'colcon_meta'
[5.174s] Level 1:colcon.colcon_core.package_identification:_identify(Templates) by extensions ['ros']
[5.174s] Level 1:colcon.colcon_core.package_identification:_identify(Templates) by extension 'ros'
[5.174s] Level 1:colcon.colcon_core.package_identification:_identify(Templates) by extensions ['cmake', 'python']
[5.175s] Level 1:colcon.colcon_core.package_identification:_identify(Templates) by extension 'cmake'
[5.175s] Level 1:colcon.colcon_core.package_identification:_identify(Templates) by extension 'python'
[5.175s] Level 1:colcon.colcon_core.package_identification:_identify(Templates) by extensions ['python_setup_py']
[5.175s] Level 1:colcon.colcon_core.package_identification:_identify(Templates) by extension 'python_setup_py'
[5.176s] Level 1:colcon.colcon_core.package_identification:_identify(Videos) by extensions ['ignore', 'ignore_ament_install']
[5.176s] Level 1:colcon.colcon_core.package_identification:_identify(Videos) by extension 'ignore'
[5.177s] Level 1:colcon.colcon_core.package_identification:_identify(Videos) by extension 'ignore_ament_install'
[5.177s] Level 1:colcon.colcon_core.package_identification:_identify(Videos) by extensions ['colcon_pkg']
[5.177s] Level 1:colcon.colcon_core.package_identification:_identify(Videos) by extension 'colcon_pkg'
[5.177s] Level 1:colcon.colcon_core.package_identification:_identify(Videos) by extensions ['colcon_meta']
[5.177s] Level 1:colcon.colcon_core.package_identification:_identify(Videos) by extension 'colcon_meta'
[5.178s] Level 1:colcon.colcon_core.package_identification:_identify(Videos) by extensions ['ros']
[5.178s] Level 1:colcon.colcon_core.package_identification:_identify(Videos) by extension 'ros'
[5.178s] Level 1:colcon.colcon_core.package_identification:_identify(Videos) by extensions ['cmake', 'python']
[5.178s] Level 1:colcon.colcon_core.package_identification:_identify(Videos) by extension 'cmake'
[5.178s] Level 1:colcon.colcon_core.package_identification:_identify(Videos) by extension 'python'
[5.179s] Level 1:colcon.colcon_core.package_identification:_identify(Videos) by extensions ['python_setup_py']
[5.179s] Level 1:colcon.colcon_core.package_identification:_identify(Videos) by extension 'python_setup_py'
[5.179s] Level 1:colcon.colcon_core.package_identification:_identify(build) by extensions ['ignore', 'ignore_ament_install']
[5.179s] Level 1:colcon.colcon_core.package_identification:_identify(build) by extension 'ignore'
[5.180s] Level 1:colcon.colcon_core.package_identification:_identify(build) ignored
[5.180s] Level 1:colcon.colcon_core.package_identification:_identify(install) by extensions ['ignore', 'ignore_ament_install']
[5.180s] Level 1:colcon.colcon_core.package_identification:_identify(install) by extension 'ignore'
[5.181s] Level 1:colcon.colcon_core.package_identification:_identify(install) ignored
[5.181s] Level 1:colcon.colcon_core.package_identification:_identify(log) by extensions ['ignore', 'ignore_ament_install']
[5.181s] Level 1:colcon.colcon_core.package_identification:_identify(log) by extension 'ignore'
[5.182s] Level 1:colcon.colcon_core.package_identification:_identify(log) ignored
[5.183s] Level 1:colcon.colcon_core.package_identification:_identify(opencv_tutorial) by extensions ['ignore', 'ignore_ament_install']
[5.183s] Level 1:colcon.colcon_core.package_identification:_identify(opencv_tutorial) by extension 'ignore'
[5.184s] Level 1:colcon.colcon_core.package_identification:_identify(opencv_tutorial) by extension 'ignore_ament_install'
[5.184s] Level 1:colcon.colcon_core.package_identification:_identify(opencv_tutorial) by extensions ['colcon_pkg']
[5.184s] Level 1:colcon.colcon_core.package_identification:_identify(opencv_tutorial) by extension 'colcon_pkg'
[5.184s] Level 1:colcon.colcon_core.package_identification:_identify(opencv_tutorial) by extensions ['colcon_meta']
[5.184s] Level 1:colcon.colcon_core.package_identification:_identify(opencv_tutorial) by extension 'colcon_meta'
[5.185s] Level 1:colcon.colcon_core.package_identification:_identify(opencv_tutorial) by extensions ['ros']
[5.185s] Level 1:colcon.colcon_core.package_identification:_identify(opencv_tutorial) by extension 'ros'
[5.185s] Level 1:colcon.colcon_core.package_identification:_identify(opencv_tutorial) by extensions ['cmake', 'python']
[5.185s] Level 1:colcon.colcon_core.package_identification:_identify(opencv_tutorial) by extension 'cmake'
[5.209s] Level 1:colcon.colcon_core.package_identification:_identify(opencv_tutorial) by extension 'python'
[5.210s] DEBUG:colcon.colcon_core.package_identification:Package 'opencv_tutorial' with type 'cmake' and name 'DisplayImage'
[5.211s] Level 1:colcon.colcon_core.package_identification:_identify(ros2_ws) by extensions ['ignore', 'ignore_ament_install']
[5.211s] Level 1:colcon.colcon_core.package_identification:_identify(ros2_ws) by extension 'ignore'
[5.212s] Level 1:colcon.colcon_core.package_identification:_identify(ros2_ws) by extension 'ignore_ament_install'
[5.212s] Level 1:colcon.colcon_core.package_identification:_identify(ros2_ws) by extensions ['colcon_pkg']
[5.212s] Level 1:colcon.colcon_core.package_identification:_identify(ros2_ws) by extension 'colcon_pkg'
[5.213s] Level 1:colcon.colcon_core.package_identification:_identify(ros2_ws) by extensions ['colcon_meta']
[5.213s] Level 1:colcon.colcon_core.package_identification:_identify(ros2_ws) by extension 'colcon_meta'
[5.213s] Level 1:colcon.colcon_core.package_identification:_identify(ros2_ws) by extensions ['ros']
[5.213s] Level 1:colcon.colcon_core.package_identification:_identify(ros2_ws) by extension 'ros'
[5.214s] Level 1:colcon.colcon_core.package_identification:_identify(ros2_ws) by extensions ['cmake', 'python']
[5.214s] Level 1:colcon.colcon_core.package_identification:_identify(ros2_ws) by extension 'cmake'
[5.214s] Level 1:colcon.colcon_core.package_identification:_identify(ros2_ws) by extension 'python'
[5.214s] Level 1:colcon.colcon_core.package_identification:_identify(ros2_ws) by extensions ['python_setup_py']
[5.215s] Level 1:colcon.colcon_core.package_identification:_identify(ros2_ws) by extension 'python_setup_py'
[5.215s] Level 1:colcon.colcon_core.package_identification:_identify(ros_ws) by extensions ['ignore', 'ignore_ament_install']
[5.215s] Level 1:colcon.colcon_core.package_identification:_identify(ros_ws) by extension 'ignore'
[5.215s] Level 1:colcon.colcon_core.package_identification:_identify(ros_ws) by extension 'ignore_ament_install'
[5.216s] Level 1:colcon.colcon_core.package_identification:_identify(ros_ws) by extensions ['colcon_pkg']
[5.216s] Level 1:colcon.colcon_core.package_identification:_identify(ros_ws) by extension 'colcon_pkg'
[5.216s] Level 1:colcon.colcon_core.package_identification:_identify(ros_ws) by extensions ['colcon_meta']
[5.216s] Level 1:colcon.colcon_core.package_identification:_identify(ros_ws) by extension 'colcon_meta'
[5.216s] Level 1:colcon.colcon_core.package_identification:_identify(ros_ws) by extensions ['ros']
[5.217s] Level 1:colcon.colcon_core.package_identification:_identify(ros_ws) by extension 'ros'
[5.217s] Level 1:colcon.colcon_core.package_identification:_identify(ros_ws) by extensions ['cmake', 'python']
[5.217s] Level 1:colcon.colcon_core.package_identification:_identify(ros_ws) by extension 'cmake'
[5.217s] Level 1:colcon.colcon_core.package_identification:_identify(ros_ws) by extension 'python'
[5.217s] Level 1:colcon.colcon_core.package_identification:_identify(ros_ws) by extensions ['python_setup_py']
[5.218s] Level 1:colcon.colcon_core.package_identification:_identify(ros_ws) by extension 'python_setup_py'
[5.219s] Level 1:colcon.colcon_core.package_identification:_identify(ros_ws/build) by extensions ['ignore', 'ignore_ament_install']
[5.219s] Level 1:colcon.colcon_core.package_identification:_identify(ros_ws/build) by extension 'ignore'
[5.220s] Level 1:colcon.colcon_core.package_identification:_identify(ros_ws/build) ignored
[5.220s] Level 1:colcon.colcon_core.package_identification:_identify(ros_ws/install) by extensions ['ignore', 'ignore_ament_install']
[5.220s] Level 1:colcon.colcon_core.package_identification:_identify(ros_ws/install) by extension 'ignore'
[5.221s] Level 1:colcon.colcon_core.package_identification:_identify(ros_ws/install) ignored
[5.222s] Level 1:colcon.colcon_core.package_identification:_identify(ros_ws/log) by extensions ['ignore', 'ignore_ament_install']
[5.223s] Level 1:colcon.colcon_core.package_identification:_identify(ros_ws/log) by extension 'ignore'
[5.223s] Level 1:colcon.colcon_core.package_identification:_identify(ros_ws/log) ignored
[5.223s] Level 1:colcon.colcon_core.package_identification:_identify(ros_ws/src) by extensions ['ignore', 'ignore_ament_install']
[5.224s] Level 1:colcon.colcon_core.package_identification:_identify(ros_ws/src) by extension 'ignore'
[5.224s] Level 1:colcon.colcon_core.package_identification:_identify(ros_ws/src) by extension 'ignore_ament_install'
[5.224s] Level 1:colcon.colcon_core.package_identification:_identify(ros_ws/src) by extensions ['colcon_pkg']
[5.224s] Level 1:colcon.colcon_core.package_identification:_identify(ros_ws/src) by extension 'colcon_pkg'
[5.224s] Level 1:colcon.colcon_core.package_identification:_identify(ros_ws/src) by extensions ['colcon_meta']
[5.225s] Level 1:colcon.colcon_core.package_identification:_identify(ros_ws/src) by extension 'colcon_meta'
[5.225s] Level 1:colcon.colcon_core.package_identification:_identify(ros_ws/src) by extensions ['ros']
[5.225s] Level 1:colcon.colcon_core.package_identification:_identify(ros_ws/src) by extension 'ros'
[5.225s] Level 1:colcon.colcon_core.package_identification:_identify(ros_ws/src) by extensions ['cmake', 'python']
[5.225s] Level 1:colcon.colcon_core.package_identification:_identify(ros_ws/src) by extension 'cmake'
[5.226s] Level 1:colcon.colcon_core.package_identification:_identify(ros_ws/src) by extension 'python'
[5.226s] Level 1:colcon.colcon_core.package_identification:_identify(ros_ws/src) by extensions ['python_setup_py']
[5.226s] Level 1:colcon.colcon_core.package_identification:_identify(ros_ws/src) by extension 'python_setup_py'
[5.227s] Level 1:colcon.colcon_core.package_identification:_identify(ros_ws/src/build) by extensions ['ignore', 'ignore_ament_install']
[5.228s] Level 1:colcon.colcon_core.package_identification:_identify(ros_ws/src/build) by extension 'ignore'
[5.228s] Level 1:colcon.colcon_core.package_identification:_identify(ros_ws/src/build) ignored
[5.229s] Level 1:colcon.colcon_core.package_identification:_identify(ros_ws/src/install) by extensions ['ignore', 'ignore_ament_install']
[5.229s] Level 1:colcon.colcon_core.package_identification:_identify(ros_ws/src/install) by extension 'ignore'
[5.230s] Level 1:colcon.colcon_core.package_identification:_identify(ros_ws/src/install) ignored
[5.231s] Level 1:colcon.colcon_core.package_identification:_identify(ros_ws/src/log) by extensions ['ignore', 'ignore_ament_install']
[5.231s] Level 1:colcon.colcon_core.package_identification:_identify(ros_ws/src/log) by extension 'ignore'
[5.231s] Level 1:colcon.colcon_core.package_identification:_identify(ros_ws/src/log) ignored
[5.232s] Level 1:colcon.colcon_core.package_identification:_identify(ros_ws/src/my_id_robot) by extensions ['ignore', 'ignore_ament_install']
[5.232s] Level 1:colcon.colcon_core.package_identification:_identify(ros_ws/src/my_id_robot) by extension 'ignore'
[5.233s] Level 1:colcon.colcon_core.package_identification:_identify(ros_ws/src/my_id_robot) by extension 'ignore_ament_install'
[5.233s] Level 1:colcon.colcon_core.package_identification:_identify(ros_ws/src/my_id_robot) by extensions ['colcon_pkg']
[5.233s] Level 1:colcon.colcon_core.package_identification:_identify(ros_ws/src/my_id_robot) by extension 'colcon_pkg'
[5.233s] Level 1:colcon.colcon_core.package_identification:_identify(ros_ws/src/my_id_robot) by extensions ['colcon_meta']
[5.233s] Level 1:colcon.colcon_core.package_identification:_identify(ros_ws/src/my_id_robot) by extension 'colcon_meta'
[5.234s] Level 1:colcon.colcon_core.package_identification:_identify(ros_ws/src/my_id_robot) by extensions ['ros']
[5.234s] Level 1:colcon.colcon_core.package_identification:_identify(ros_ws/src/my_id_robot) by extension 'ros'
[5.248s] DEBUG:colcon.colcon_core.package_identification:Package 'ros_ws/src/my_id_robot' with type 'ros.ament_python' and name 'my_id_robot'
[5.249s] Level 1:colcon.colcon_core.package_identification:_identify(snap) by extensions ['ignore', 'ignore_ament_install']
[5.249s] Level 1:colcon.colcon_core.package_identification:_identify(snap) by extension 'ignore'
[5.250s] Level 1:colcon.colcon_core.package_identification:_identify(snap) by extension 'ignore_ament_install'
[5.250s] Level 1:colcon.colcon_core.package_identification:_identify(snap) by extensions ['colcon_pkg']
[5.250s] Level 1:colcon.colcon_core.package_identification:_identify(snap) by extension 'colcon_pkg'
[5.250s] Level 1:colcon.colcon_core.package_identification:_identify(snap) by extensions ['colcon_meta']
[5.250s] Level 1:colcon.colcon_core.package_identification:_identify(snap) by extension 'colcon_meta'
[5.251s] Level 1:colcon.colcon_core.package_identification:_identify(snap) by extensions ['ros']
[5.251s] Level 1:colcon.colcon_core.package_identification:_identify(snap) by extension 'ros'
[5.251s] Level 1:colcon.colcon_core.package_identification:_identify(snap) by extensions ['cmake', 'python']
[5.251s] Level 1:colcon.colcon_core.package_identification:_identify(snap) by extension 'cmake'
[5.252s] Level 1:colcon.colcon_core.package_identification:_identify(snap) by extension 'python'
[5.252s] Level 1:colcon.colcon_core.package_identification:_identify(snap) by extensions ['python_setup_py']
[5.252s] Level 1:colcon.colcon_core.package_identification:_identify(snap) by extension 'python_setup_py'
[5.253s] Level 1:colcon.colcon_core.package_identification:_identify(snap/firefox) by extensions ['ignore', 'ignore_ament_install']
[5.254s] Level 1:colcon.colcon_core.package_identification:_identify(snap/firefox) by extension 'ignore'
[5.254s] Level 1:colcon.colcon_core.package_identification:_identify(snap/firefox) by extension 'ignore_ament_install'
[5.254s] Level 1:colcon.colcon_core.package_identification:_identify(snap/firefox) by extensions ['colcon_pkg']
[5.255s] Level 1:colcon.colcon_core.package_identification:_identify(snap/firefox) by extension 'colcon_pkg'
[5.255s] Level 1:colcon.colcon_core.package_identification:_identify(snap/firefox) by extensions ['colcon_meta']
[5.255s] Level 1:colcon.colcon_core.package_identification:_identify(snap/firefox) by extension 'colcon_meta'
[5.255s] Level 1:colcon.colcon_core.package_identification:_identify(snap/firefox) by extensions ['ros']
[5.255s] Level 1:colcon.colcon_core.package_identification:_identify(snap/firefox) by extension 'ros'
[5.256s] Level 1:colcon.colcon_core.package_identification:_identify(snap/firefox) by extensions ['cmake', 'python']
[5.256s] Level 1:colcon.colcon_core.package_identification:_identify(snap/firefox) by extension 'cmake'
[5.256s] Level 1:colcon.colcon_core.package_identification:_identify(snap/firefox) by extension 'python'
[5.256s] Level 1:colcon.colcon_core.package_identification:_identify(snap/firefox) by extensions ['python_setup_py']
[5.256s] Level 1:colcon.colcon_core.package_identification:_identify(snap/firefox) by extension 'python_setup_py'
[5.260s] Level 1:colcon.colcon_core.package_identification:_identify(snap/firefox/3781) by extensions ['ignore', 'ignore_ament_install']
[5.261s] Level 1:colcon.colcon_core.package_identification:_identify(snap/firefox/3781) by extension 'ignore'
[5.261s] Level 1:colcon.colcon_core.package_identification:_identify(snap/firefox/3781) by extension 'ignore_ament_install'
[5.261s] Level 1:colcon.colcon_core.package_identification:_identify(snap/firefox/3781) by extensions ['colcon_pkg']
[5.261s] Level 1:colcon.colcon_core.package_identification:_identify(snap/firefox/3781) by extension 'colcon_pkg'
[5.262s] Level 1:colcon.colcon_core.package_identification:_identify(snap/firefox/3781) by extensions ['colcon_meta']
[5.262s] Level 1:colcon.colcon_core.package_identification:_identify(snap/firefox/3781) by extension 'colcon_meta'
[5.262s] Level 1:colcon.colcon_core.package_identification:_identify(snap/firefox/3781) by extensions ['ros']
[5.262s] Level 1:colcon.colcon_core.package_identification:_identify(snap/firefox/3781) by extension 'ros'
[5.263s] Level 1:colcon.colcon_core.package_identification:_identify(snap/firefox/3781) by extensions ['cmake', 'python']
[5.263s] Level 1:colcon.colcon_core.package_identification:_identify(snap/firefox/3781) by extension 'cmake'
[5.263s] Level 1:colcon.colcon_core.package_identification:_identify(snap/firefox/3781) by extension 'python'
[5.263s] Level 1:colcon.colcon_core.package_identification:_identify(snap/firefox/3781) by extensions ['python_setup_py']
[5.263s] Level 1:colcon.colcon_core.package_identification:_identify(snap/firefox/3781) by extension 'python_setup_py'
[5.265s] Level 1:colcon.colcon_core.package_identification:_identify(snap/firefox/3835) by extensions ['ignore', 'ignore_ament_install']
[5.265s] Level 1:colcon.colcon_core.package_identification:_identify(snap/firefox/3835) by extension 'ignore'
[5.265s] Level 1:colcon.colcon_core.package_identification:_identify(snap/firefox/3835) by extension 'ignore_ament_install'
[5.266s] Level 1:colcon.colcon_core.package_identification:_identify(snap/firefox/3835) by extensions ['colcon_pkg']
[5.266s] Level 1:colcon.colcon_core.package_identification:_identify(snap/firefox/3835) by extension 'colcon_pkg'
[5.266s] Level 1:colcon.colcon_core.package_identification:_identify(snap/firefox/3835) by extensions ['colcon_meta']
[5.266s] Level 1:colcon.colcon_core.package_identification:_identify(snap/firefox/3835) by extension 'colcon_meta'
[5.267s] Level 1:colcon.colcon_core.package_identification:_identify(snap/firefox/3835) by extensions ['ros']
[5.267s] Level 1:colcon.colcon_core.package_identification:_identify(snap/firefox/3835) by extension 'ros'
[5.267s] Level 1:colcon.colcon_core.package_identification:_identify(snap/firefox/3835) by extensions ['cmake', 'python']
[5.267s] Level 1:colcon.colcon_core.package_identification:_identify(snap/firefox/3835) by extension 'cmake'
[5.267s] Level 1:colcon.colcon_core.package_identification:_identify(snap/firefox/3835) by extension 'python'
[5.268s] Level 1:colcon.colcon_core.package_identification:_identify(snap/firefox/3835) by extensions ['python_setup_py']
[5.268s] Level 1:colcon.colcon_core.package_identification:_identify(snap/firefox/3835) by extension 'python_setup_py'
[5.269s] Level 1:colcon.colcon_core.package_identification:_identify(snap/firefox/common) by extensions ['ignore', 'ignore_ament_install']
[5.270s] Level 1:colcon.colcon_core.package_identification:_identify(snap/firefox/common) by extension 'ignore'
[5.270s] Level 1:colcon.colcon_core.package_identification:_identify(snap/firefox/common) by extension 'ignore_ament_install'
[5.270s] Level 1:colcon.colcon_core.package_identification:_identify(snap/firefox/common) by extensions ['colcon_pkg']
[5.271s] Level 1:colcon.colcon_core.package_identification:_identify(snap/firefox/common) by extension 'colcon_pkg'
[5.271s] Level 1:colcon.colcon_core.package_identification:_identify(snap/firefox/common) by extensions ['colcon_meta']
[5.271s] Level 1:colcon.colcon_core.package_identification:_identify(snap/firefox/common) by extension 'colcon_meta'
[5.271s] Level 1:colcon.colcon_core.package_identification:_identify(snap/firefox/common) by extensions ['ros']
[5.271s] Level 1:colcon.colcon_core.package_identification:_identify(snap/firefox/common) by extension 'ros'
[5.272s] Level 1:colcon.colcon_core.package_identification:_identify(snap/firefox/common) by extensions ['cmake', 'python']
[5.272s] Level 1:colcon.colcon_core.package_identification:_identify(snap/firefox/common) by extension 'cmake'
[5.272s] Level 1:colcon.colcon_core.package_identification:_identify(snap/firefox/common) by extension 'python'
[5.272s] Level 1:colcon.colcon_core.package_identification:_identify(snap/firefox/common) by extensions ['python_setup_py']
[5.273s] Level 1:colcon.colcon_core.package_identification:_identify(snap/firefox/common) by extension 'python_setup_py'
[5.273s] Level 1:colcon.colcon_core.package_identification:_identify(snap/snapd-desktop-integration) by extensions ['ignore', 'ignore_ament_install']
[5.274s] Level 1:colcon.colcon_core.package_identification:_identify(snap/snapd-desktop-integration) by extension 'ignore'
[5.274s] Level 1:colcon.colcon_core.package_identification:_identify(snap/snapd-desktop-integration) by extension 'ignore_ament_install'
[5.274s] Level 1:colcon.colcon_core.package_identification:_identify(snap/snapd-desktop-integration) by extensions ['colcon_pkg']
[5.274s] Level 1:colcon.colcon_core.package_identification:_identify(snap/snapd-desktop-integration) by extension 'colcon_pkg'
[5.275s] Level 1:colcon.colcon_core.package_identification:_identify(snap/snapd-desktop-integration) by extensions ['colcon_meta']
[5.275s] Level 1:colcon.colcon_core.package_identification:_identify(snap/snapd-desktop-integration) by extension 'colcon_meta'
[5.275s] Level 1:colcon.colcon_core.package_identification:_identify(snap/snapd-desktop-integration) by extensions ['ros']
[5.275s] Level 1:colcon.colcon_core.package_identification:_identify(snap/snapd-desktop-integration) by extension 'ros'
[5.276s] Level 1:colcon.colcon_core.package_identification:_identify(snap/snapd-desktop-integration) by extensions ['cmake', 'python']
[5.276s] Level 1:colcon.colcon_core.package_identification:_identify(snap/snapd-desktop-integration) by extension 'cmake'
[5.276s] Level 1:colcon.colcon_core.package_identification:_identify(snap/snapd-desktop-integration) by extension 'python'
[5.276s] Level 1:colcon.colcon_core.package_identification:_identify(snap/snapd-desktop-integration) by extensions ['python_setup_py']
[5.276s] Level 1:colcon.colcon_core.package_identification:_identify(snap/snapd-desktop-integration) by extension 'python_setup_py'
[5.277s] Level 1:colcon.colcon_core.package_identification:_identify(snap/snapd-desktop-integration/85) by extensions ['ignore', 'ignore_ament_install']
[5.277s] Level 1:colcon.colcon_core.package_identification:_identify(snap/snapd-desktop-integration/85) by extension 'ignore'
[5.278s] Level 1:colcon.colcon_core.package_identification:_identify(snap/snapd-desktop-integration/85) by extension 'ignore_ament_install'
[5.278s] Level 1:colcon.colcon_core.package_identification:_identify(snap/snapd-desktop-integration/85) by extensions ['colcon_pkg']
[5.278s] Level 1:colcon.colcon_core.package_identification:_identify(snap/snapd-desktop-integration/85) by extension 'colcon_pkg'
[5.278s] Level 1:colcon.colcon_core.package_identification:_identify(snap/snapd-desktop-integration/85) by extensions ['colcon_meta']
[5.278s] Level 1:colcon.colcon_core.package_identification:_identify(snap/snapd-desktop-integration/85) by extension 'colcon_meta'
[5.279s] Level 1:colcon.colcon_core.package_identification:_identify(snap/snapd-desktop-integration/85) by extensions ['ros']
[5.279s] Level 1:colcon.colcon_core.package_identification:_identify(snap/snapd-desktop-integration/85) by extension 'ros'
[5.279s] Level 1:colcon.colcon_core.package_identification:_identify(snap/snapd-desktop-integration/85) by extensions ['cmake', 'python']
[5.279s] Level 1:colcon.colcon_core.package_identification:_identify(snap/snapd-desktop-integration/85) by extension 'cmake'
[5.280s] Level 1:colcon.colcon_core.package_identification:_identify(snap/snapd-desktop-integration/85) by extension 'python'
[5.280s] Level 1:colcon.colcon_core.package_identification:_identify(snap/snapd-desktop-integration/85) by extensions ['python_setup_py']
[5.280s] Level 1:colcon.colcon_core.package_identification:_identify(snap/snapd-desktop-integration/85) by extension 'python_setup_py'
[5.280s] Level 1:colcon.colcon_core.package_identification:_identify(snap/snapd-desktop-integration/common) by extensions ['ignore', 'ignore_ament_install']
[5.281s] Level 1:colcon.colcon_core.package_identification:_identify(snap/snapd-desktop-integration/common) by extension 'ignore'
[5.281s] Level 1:colcon.colcon_core.package_identification:_identify(snap/snapd-desktop-integration/common) by extension 'ignore_ament_install'
[5.281s] Level 1:colcon.colcon_core.package_identification:_identify(snap/snapd-desktop-integration/common) by extensions ['colcon_pkg']
[5.281s] Level 1:colcon.colcon_core.package_identification:_identify(snap/snapd-desktop-integration/common) by extension 'colcon_pkg'
[5.282s] Level 1:colcon.colcon_core.package_identification:_identify(snap/snapd-desktop-integration/common) by extensions ['colcon_meta']
[5.282s] Level 1:colcon.colcon_core.package_identification:_identify(snap/snapd-desktop-integration/common) by extension 'colcon_meta'
[5.282s] Level 1:colcon.colcon_core.package_identification:_identify(snap/snapd-desktop-integration/common) by extensions ['ros']
[5.282s] Level 1:colcon.colcon_core.package_identification:_identify(snap/snapd-desktop-integration/common) by extension 'ros'
[5.282s] Level 1:colcon.colcon_core.package_identification:_identify(snap/snapd-desktop-integration/common) by extensions ['cmake', 'python']
[5.283s] Level 1:colcon.colcon_core.package_identification:_identify(snap/snapd-desktop-integration/common) by extension 'cmake'
[5.283s] Level 1:colcon.colcon_core.package_identification:_identify(snap/snapd-desktop-integration/common) by extension 'python'
[5.283s] Level 1:colcon.colcon_core.package_identification:_identify(snap/snapd-desktop-integration/common) by extensions ['python_setup_py']
[5.283s] Level 1:colcon.colcon_core.package_identification:_identify(snap/snapd-desktop-integration/common) by extension 'python_setup_py'
[5.284s] Level 1:colcon.colcon_core.package_identification:_identify(src) by extensions ['ignore', 'ignore_ament_install']
[5.284s] Level 1:colcon.colcon_core.package_identification:_identify(src) by extension 'ignore'
[5.284s] Level 1:colcon.colcon_core.package_identification:_identify(src) by extension 'ignore_ament_install'
[5.285s] Level 1:colcon.colcon_core.package_identification:_identify(src) by extensions ['colcon_pkg']
[5.285s] Level 1:colcon.colcon_core.package_identification:_identify(src) by extension 'colcon_pkg'
[5.285s] Level 1:colcon.colcon_core.package_identification:_identify(src) by extensions ['colcon_meta']
[5.285s] Level 1:colcon.colcon_core.package_identification:_identify(src) by extension 'colcon_meta'
[5.285s] Level 1:colcon.colcon_core.package_identification:_identify(src) by extensions ['ros']
[5.285s] Level 1:colcon.colcon_core.package_identification:_identify(src) by extension 'ros'
[5.286s] Level 1:colcon.colcon_core.package_identification:_identify(src) by extensions ['cmake', 'python']
[5.286s] Level 1:colcon.colcon_core.package_identification:_identify(src) by extension 'cmake'
[5.286s] Level 1:colcon.colcon_core.package_identification:_identify(src) by extension 'python'
[5.286s] Level 1:colcon.colcon_core.package_identification:_identify(src) by extensions ['python_setup_py']
[5.286s] Level 1:colcon.colcon_core.package_identification:_identify(src) by extension 'python_setup_py'
[5.287s] Level 1:colcon.colcon_core.package_identification:_identify(src/my_id_robot) by extensions ['ignore', 'ignore_ament_install']
[5.287s] Level 1:colcon.colcon_core.package_identification:_identify(src/my_id_robot) by extension 'ignore'
[5.287s] Level 1:colcon.colcon_core.package_identification:_identify(src/my_id_robot) by extension 'ignore_ament_install'
[5.288s] Level 1:colcon.colcon_core.package_identification:_identify(src/my_id_robot) by extensions ['colcon_pkg']
[5.288s] Level 1:colcon.colcon_core.package_identification:_identify(src/my_id_robot) by extension 'colcon_pkg'
[5.288s] Level 1:colcon.colcon_core.package_identification:_identify(src/my_id_robot) by extensions ['colcon_meta']
[5.288s] Level 1:colcon.colcon_core.package_identification:_identify(src/my_id_robot) by extension 'colcon_meta'
[5.288s] Level 1:colcon.colcon_core.package_identification:_identify(src/my_id_robot) by extensions ['ros']
[5.289s] Level 1:colcon.colcon_core.package_identification:_identify(src/my_id_robot) by extension 'ros'
[5.291s] DEBUG:colcon.colcon_core.package_identification:Package 'src/my_id_robot' with type 'ros.ament_python' and name 'my_id_robot'
[5.292s] Level 1:colcon.colcon_core.package_identification:_identify(thinclient_drives) by extensions ['ignore', 'ignore_ament_install']
[5.292s] Level 1:colcon.colcon_core.package_identification:_identify(thinclient_drives) by extension 'ignore'
[5.293s] Level 1:colcon.colcon_core.package_identification:_identify(thinclient_drives) by extension 'ignore_ament_install'
[5.293s] Level 1:colcon.colcon_core.package_identification:_identify(thinclient_drives) by extensions ['colcon_pkg']
[5.293s] Level 1:colcon.colcon_core.package_identification:_identify(thinclient_drives) by extension 'colcon_pkg'
[5.293s] Level 1:colcon.colcon_core.package_identification:_identify(thinclient_drives) by extensions ['colcon_meta']
[5.293s] Level 1:colcon.colcon_core.package_identification:_identify(thinclient_drives) by extension 'colcon_meta'
[5.294s] Level 1:colcon.colcon_core.package_identification:_identify(thinclient_drives) by extensions ['ros']
[5.294s] Level 1:colcon.colcon_core.package_identification:_identify(thinclient_drives) by extension 'ros'
[5.294s] Level 1:colcon.colcon_core.package_identification:_identify(thinclient_drives) by extensions ['cmake', 'python']
[5.294s] Level 1:colcon.colcon_core.package_identification:_identify(thinclient_drives) by extension 'cmake'
[5.294s] Level 1:colcon.colcon_core.package_identification:_identify(thinclient_drives) by extension 'python'
[5.295s] Level 1:colcon.colcon_core.package_identification:_identify(thinclient_drives) by extensions ['python_setup_py']
[5.295s] Level 1:colcon.colcon_core.package_identification:_identify(thinclient_drives) by extension 'python_setup_py'
[5.295s] Level 1:colcon.colcon_core.package_discovery:discover_packages(recursive) using defaults
[5.295s] Level 1:colcon.colcon_core.package_discovery:discover_packages(ignore) discover
[5.295s] Level 1:colcon.colcon_core.package_discovery:discover_packages(ignore) using defaults
[5.295s] Level 1:colcon.colcon_core.package_discovery:discover_packages(path) discover
[5.295s] Level 1:colcon.colcon_core.package_discovery:discover_packages(path) using defaults
[5.715s] Level 1:colcon.colcon_core.package_discovery:discover_packages(prefix_path) check parameters
[5.715s] Level 1:colcon.colcon_core.package_discovery:discover_packages(prefix_path) discover
[5.863s] DEBUG:colcon.colcon_installed_package_information.package_discovery:Found 3 installed packages in /home/redleader/ros_ws/install
[5.934s] DEBUG:colcon.colcon_installed_package_information.package_discovery:Found 271 installed packages in /opt/ros/humble
[5.941s] Level 1:colcon.colcon_core.package_discovery:discover_packages(prefix_path) using defaults
[6.320s] ERROR:colcon:colcon build: Duplicate package names not supported:
- DisplayImage:
  - Downloads
  - opencv_tutorial
- my_id_robot:
  - ros_ws/src/my_id_robot
  - src/my_id_robot
