/usr/lib/python3/dist-packages/setuptools/dist.py:723: UserWarning: Usage of dash-separated 'script-dir' will not be supported in future versions. Please use the underscore name 'script_dir' instead
  warnings.warn(
running egg_info
creating ../../build/my_id_robot/my_id_robot.egg-info
writing ../../build/my_id_robot/my_id_robot.egg-info/PKG-INFO
writing dependency_links to ../../build/my_id_robot/my_id_robot.egg-info/dependency_links.txt
writing entry points to ../../build/my_id_robot/my_id_robot.egg-info/entry_points.txt
writing requirements to ../../build/my_id_robot/my_id_robot.egg-info/requires.txt
writing top-level names to ../../build/my_id_robot/my_id_robot.egg-info/top_level.txt
writing manifest file '../../build/my_id_robot/my_id_robot.egg-info/SOURCES.txt'
reading manifest file '../../build/my_id_robot/my_id_robot.egg-info/SOURCES.txt'
writing manifest file '../../build/my_id_robot/my_id_robot.egg-info/SOURCES.txt'
running build
running build_py
creating /home/redleader/ros2_ws/build/my_id_robot/build
creating /home/redleader/ros2_ws/build/my_id_robot/build/lib
creating /home/redleader/ros2_ws/build/my_id_robot/build/lib/my_id_robot
copying my_id_robot/servo_subscriber.py -> /home/redleader/ros2_ws/build/my_id_robot/build/lib/my_id_robot
copying my_id_robot/voice_publisher.sphinx.py -> /home/redleader/ros2_ws/build/my_id_robot/build/lib/my_id_robot
copying my_id_robot/main_subscriber.py -> /home/redleader/ros2_ws/build/my_id_robot/build/lib/my_id_robot
copying my_id_robot/old_main_subscriber.py -> /home/redleader/ros2_ws/build/my_id_robot/build/lib/my_id_robot
copying my_id_robot/opencv_subscriber.py -> /home/redleader/ros2_ws/build/my_id_robot/build/lib/my_id_robot
copying my_id_robot/voice_publisher.py -> /home/redleader/ros2_ws/build/my_id_robot/build/lib/my_id_robot
copying my_id_robot/__init__.py -> /home/redleader/ros2_ws/build/my_id_robot/build/lib/my_id_robot
running install
/usr/lib/python3/dist-packages/setuptools/command/install.py:34: SetuptoolsDeprecationWarning: setup.py install is deprecated. Use build and pip and other standards-based tools.
  warnings.warn(
running install_lib
creating /home/redleader/ros2_ws/install/my_id_robot/lib/python3.10/site-packages/my_id_robot
copying /home/redleader/ros2_ws/build/my_id_robot/build/lib/my_id_robot/servo_subscriber.py -> /home/redleader/ros2_ws/install/my_id_robot/lib/python3.10/site-packages/my_id_robot
copying /home/redleader/ros2_ws/build/my_id_robot/build/lib/my_id_robot/voice_publisher.sphinx.py -> /home/redleader/ros2_ws/install/my_id_robot/lib/python3.10/site-packages/my_id_robot
copying /home/redleader/ros2_ws/build/my_id_robot/build/lib/my_id_robot/main_subscriber.py -> /home/redleader/ros2_ws/install/my_id_robot/lib/python3.10/site-packages/my_id_robot
copying /home/redleader/ros2_ws/build/my_id_robot/build/lib/my_id_robot/old_main_subscriber.py -> /home/redleader/ros2_ws/install/my_id_robot/lib/python3.10/site-packages/my_id_robot
copying /home/redleader/ros2_ws/build/my_id_robot/build/lib/my_id_robot/opencv_subscriber.py -> /home/redleader/ros2_ws/install/my_id_robot/lib/python3.10/site-packages/my_id_robot
copying /home/redleader/ros2_ws/build/my_id_robot/build/lib/my_id_robot/voice_publisher.py -> /home/redleader/ros2_ws/install/my_id_robot/lib/python3.10/site-packages/my_id_robot
copying /home/redleader/ros2_ws/build/my_id_robot/build/lib/my_id_robot/__init__.py -> /home/redleader/ros2_ws/install/my_id_robot/lib/python3.10/site-packages/my_id_robot
byte-compiling /home/redleader/ros2_ws/install/my_id_robot/lib/python3.10/site-packages/my_id_robot/servo_subscriber.py to servo_subscriber.cpython-310.pyc
byte-compiling /home/redleader/ros2_ws/install/my_id_robot/lib/python3.10/site-packages/my_id_robot/voice_publisher.sphinx.py to voice_publisher.sphinx.cpython-310.pyc
byte-compiling /home/redleader/ros2_ws/install/my_id_robot/lib/python3.10/site-packages/my_id_robot/main_subscriber.py to main_subscriber.cpython-310.pyc
byte-compiling /home/redleader/ros2_ws/install/my_id_robot/lib/python3.10/site-packages/my_id_robot/old_main_subscriber.py to old_main_subscriber.cpython-310.pyc
byte-compiling /home/redleader/ros2_ws/install/my_id_robot/lib/python3.10/site-packages/my_id_robot/opencv_subscriber.py to opencv_subscriber.cpython-310.pyc
byte-compiling /home/redleader/ros2_ws/install/my_id_robot/lib/python3.10/site-packages/my_id_robot/voice_publisher.py to voice_publisher.cpython-310.pyc
byte-compiling /home/redleader/ros2_ws/install/my_id_robot/lib/python3.10/site-packages/my_id_robot/__init__.py to __init__.cpython-310.pyc
running install_data
creating /home/redleader/ros2_ws/install/my_id_robot/share/ament_index
creating /home/redleader/ros2_ws/install/my_id_robot/share/ament_index/resource_index
creating /home/redleader/ros2_ws/install/my_id_robot/share/ament_index/resource_index/packages
copying resource/my_id_robot -> /home/redleader/ros2_ws/install/my_id_robot/share/ament_index/resource_index/packages
copying package.xml -> /home/redleader/ros2_ws/install/my_id_robot/share/my_id_robot
creating /home/redleader/ros2_ws/install/my_id_robot/share/my_id_robot/launch
copying launch/my_robot.launch.py -> /home/redleader/ros2_ws/install/my_id_robot/share/my_id_robot/launch
running install_egg_info
Copying ../../build/my_id_robot/my_id_robot.egg-info to /home/redleader/ros2_ws/install/my_id_robot/lib/python3.10/site-packages/my_id_robot-0.0.0-py3.10.egg-info
running install_scripts
Installing main_subscriber script to /home/redleader/ros2_ws/install/my_id_robot/lib/my_id_robot
Installing my_robot_launch script to /home/redleader/ros2_ws/install/my_id_robot/lib/my_id_robot
Installing opencv_subscriber script to /home/redleader/ros2_ws/install/my_id_robot/lib/my_id_robot
Installing servo_subscriber script to /home/redleader/ros2_ws/install/my_id_robot/lib/my_id_robot
Installing voice_publisher script to /home/redleader/ros2_ws/install/my_id_robot/lib/my_id_robot
writing list of installed files to '/home/redleader/ros2_ws/build/my_id_robot/install.log'
