[3.227s] Invoking command in '/home/redleader/ros2_ws/src/my_id_robot': PYTHONPATH=/home/redleader/ros2_ws/build/my_id_robot/prefix_override:/home/redleader/ros2_ws/install/my_id_robot/lib/python3.10/site-packages:${PYTHONPATH} /usr/bin/python3 setup.py egg_info --egg-base ../../build/my_id_robot build --build-base /home/redleader/ros2_ws/build/my_id_robot/build install --record /home/redleader/ros2_ws/build/my_id_robot/install.log --install-scripts $base/lib/my_id_robot --single-version-externally-managed
[4.301s] /usr/lib/python3/dist-packages/setuptools/dist.py:723: UserWarning: Usage of dash-separated 'script-dir' will not be supported in future versions. Please use the underscore name 'script_dir' instead
[4.302s]   warnings.warn(
[4.335s] running egg_info
[4.337s] creating ../../build/my_id_robot/my_id_robot.egg-info
[4.338s] writing ../../build/my_id_robot/my_id_robot.egg-info/PKG-INFO
[4.339s] writing dependency_links to ../../build/my_id_robot/my_id_robot.egg-info/dependency_links.txt
[4.339s] writing entry points to ../../build/my_id_robot/my_id_robot.egg-info/entry_points.txt
[4.341s] writing requirements to ../../build/my_id_robot/my_id_robot.egg-info/requires.txt
[4.341s] writing top-level names to ../../build/my_id_robot/my_id_robot.egg-info/top_level.txt
[4.342s] writing manifest file '../../build/my_id_robot/my_id_robot.egg-info/SOURCES.txt'
[4.350s] reading manifest file '../../build/my_id_robot/my_id_robot.egg-info/SOURCES.txt'
[4.353s] writing manifest file '../../build/my_id_robot/my_id_robot.egg-info/SOURCES.txt'
[4.354s] running build
[4.354s] running build_py
[4.355s] creating /home/redleader/ros2_ws/build/my_id_robot/build
[4.356s] creating /home/redleader/ros2_ws/build/my_id_robot/build/lib
[4.356s] creating /home/redleader/ros2_ws/build/my_id_robot/build/lib/my_id_robot
[4.356s] copying my_id_robot/servo_subscriber.py -> /home/redleader/ros2_ws/build/my_id_robot/build/lib/my_id_robot
[4.357s] copying my_id_robot/voice_publisher.sphinx.py -> /home/redleader/ros2_ws/build/my_id_robot/build/lib/my_id_robot
[4.357s] copying my_id_robot/main_subscriber.py -> /home/redleader/ros2_ws/build/my_id_robot/build/lib/my_id_robot
[4.358s] copying my_id_robot/old_main_subscriber.py -> /home/redleader/ros2_ws/build/my_id_robot/build/lib/my_id_robot
[4.359s] copying my_id_robot/opencv_subscriber.py -> /home/redleader/ros2_ws/build/my_id_robot/build/lib/my_id_robot
[4.360s] copying my_id_robot/voice_publisher.py -> /home/redleader/ros2_ws/build/my_id_robot/build/lib/my_id_robot
[4.360s] copying my_id_robot/__init__.py -> /home/redleader/ros2_ws/build/my_id_robot/build/lib/my_id_robot
[4.362s] running install
[4.362s] /usr/lib/python3/dist-packages/setuptools/command/install.py:34: SetuptoolsDeprecationWarning: setup.py install is deprecated. Use build and pip and other standards-based tools.
[4.363s]   warnings.warn(
[4.364s] running install_lib
[4.367s] creating /home/redleader/ros2_ws/install/my_id_robot/lib/python3.10/site-packages/my_id_robot
[4.368s] copying /home/redleader/ros2_ws/build/my_id_robot/build/lib/my_id_robot/servo_subscriber.py -> /home/redleader/ros2_ws/install/my_id_robot/lib/python3.10/site-packages/my_id_robot
[4.369s] copying /home/redleader/ros2_ws/build/my_id_robot/build/lib/my_id_robot/voice_publisher.sphinx.py -> /home/redleader/ros2_ws/install/my_id_robot/lib/python3.10/site-packages/my_id_robot
[4.370s] copying /home/redleader/ros2_ws/build/my_id_robot/build/lib/my_id_robot/main_subscriber.py -> /home/redleader/ros2_ws/install/my_id_robot/lib/python3.10/site-packages/my_id_robot
[4.371s] copying /home/redleader/ros2_ws/build/my_id_robot/build/lib/my_id_robot/old_main_subscriber.py -> /home/redleader/ros2_ws/install/my_id_robot/lib/python3.10/site-packages/my_id_robot
[4.373s] copying /home/redleader/ros2_ws/build/my_id_robot/build/lib/my_id_robot/opencv_subscriber.py -> /home/redleader/ros2_ws/install/my_id_robot/lib/python3.10/site-packages/my_id_robot
[4.374s] copying /home/redleader/ros2_ws/build/my_id_robot/build/lib/my_id_robot/voice_publisher.py -> /home/redleader/ros2_ws/install/my_id_robot/lib/python3.10/site-packages/my_id_robot
[4.374s] copying /home/redleader/ros2_ws/build/my_id_robot/build/lib/my_id_robot/__init__.py -> /home/redleader/ros2_ws/install/my_id_robot/lib/python3.10/site-packages/my_id_robot
[4.376s] byte-compiling /home/redleader/ros2_ws/install/my_id_robot/lib/python3.10/site-packages/my_id_robot/servo_subscriber.py to servo_subscriber.cpython-310.pyc
[4.382s] byte-compiling /home/redleader/ros2_ws/install/my_id_robot/lib/python3.10/site-packages/my_id_robot/voice_publisher.sphinx.py to voice_publisher.sphinx.cpython-310.pyc
[4.384s] byte-compiling /home/redleader/ros2_ws/install/my_id_robot/lib/python3.10/site-packages/my_id_robot/main_subscriber.py to main_subscriber.cpython-310.pyc
[4.387s] byte-compiling /home/redleader/ros2_ws/install/my_id_robot/lib/python3.10/site-packages/my_id_robot/old_main_subscriber.py to old_main_subscriber.cpython-310.pyc
[4.389s] byte-compiling /home/redleader/ros2_ws/install/my_id_robot/lib/python3.10/site-packages/my_id_robot/opencv_subscriber.py to opencv_subscriber.cpython-310.pyc
[4.392s] byte-compiling /home/redleader/ros2_ws/install/my_id_robot/lib/python3.10/site-packages/my_id_robot/voice_publisher.py to voice_publisher.cpython-310.pyc
[4.394s] byte-compiling /home/redleader/ros2_ws/install/my_id_robot/lib/python3.10/site-packages/my_id_robot/__init__.py to __init__.cpython-310.pyc
[4.395s] running install_data
[4.398s] creating /home/redleader/ros2_ws/install/my_id_robot/share/ament_index
[4.398s] creating /home/redleader/ros2_ws/install/my_id_robot/share/ament_index/resource_index
[4.398s] creating /home/redleader/ros2_ws/install/my_id_robot/share/ament_index/resource_index/packages
[4.399s] copying resource/my_id_robot -> /home/redleader/ros2_ws/install/my_id_robot/share/ament_index/resource_index/packages
[4.399s] copying package.xml -> /home/redleader/ros2_ws/install/my_id_robot/share/my_id_robot
[4.400s] creating /home/redleader/ros2_ws/install/my_id_robot/share/my_id_robot/launch
[4.400s] copying launch/my_robot.launch.py -> /home/redleader/ros2_ws/install/my_id_robot/share/my_id_robot/launch
[4.401s] running install_egg_info
[4.408s] Copying ../../build/my_id_robot/my_id_robot.egg-info to /home/redleader/ros2_ws/install/my_id_robot/lib/python3.10/site-packages/my_id_robot-0.0.0-py3.10.egg-info
[4.413s] running install_scripts
[4.496s] Installing main_subscriber script to /home/redleader/ros2_ws/install/my_id_robot/lib/my_id_robot
[4.496s] Installing my_robot_launch script to /home/redleader/ros2_ws/install/my_id_robot/lib/my_id_robot
[4.497s] Installing opencv_subscriber script to /home/redleader/ros2_ws/install/my_id_robot/lib/my_id_robot
[4.498s] Installing servo_subscriber script to /home/redleader/ros2_ws/install/my_id_robot/lib/my_id_robot
[4.498s] Installing voice_publisher script to /home/redleader/ros2_ws/install/my_id_robot/lib/my_id_robot
[4.500s] writing list of installed files to '/home/redleader/ros2_ws/build/my_id_robot/install.log'
[4.626s] Invoked command in '/home/redleader/ros2_ws/src/my_id_robot' returned '0': PYTHONPATH=/home/redleader/ros2_ws/build/my_id_robot/prefix_override:/home/redleader/ros2_ws/install/my_id_robot/lib/python3.10/site-packages:${PYTHONPATH} /usr/bin/python3 setup.py egg_info --egg-base ../../build/my_id_robot build --build-base /home/redleader/ros2_ws/build/my_id_robot/build install --record /home/redleader/ros2_ws/build/my_id_robot/install.log --install-scripts $base/lib/my_id_robot --single-version-externally-managed
