[3.643s] Invoking command in '/home/redleader/ros2_ws/src/my_id_robot': PYTHONPATH=/home/redleader/ros2_ws/build/my_id_robot/prefix_override:/home/redleader/ros2_ws/install/my_id_robot/lib/python3.10/site-packages:${PYTHONPATH} /usr/bin/python3 setup.py egg_info --egg-base ../../build/my_id_robot build --build-base /home/redleader/ros2_ws/build/my_id_robot/build install --record /home/redleader/ros2_ws/build/my_id_robot/install.log --install-scripts $base/lib/my_id_robot --single-version-externally-managed
[4.706s] /usr/lib/python3/dist-packages/setuptools/dist.py:723: UserWarning: Usage of dash-separated 'script-dir' will not be supported in future versions. Please use the underscore name 'script_dir' instead
[4.707s]   warnings.warn(
[4.741s] running egg_info
[4.743s] writing ../../build/my_id_robot/my_id_robot.egg-info/PKG-INFO
[4.746s] writing dependency_links to ../../build/my_id_robot/my_id_robot.egg-info/dependency_links.txt
[4.747s] writing entry points to ../../build/my_id_robot/my_id_robot.egg-info/entry_points.txt
[4.748s] writing requirements to ../../build/my_id_robot/my_id_robot.egg-info/requires.txt
[4.748s] writing top-level names to ../../build/my_id_robot/my_id_robot.egg-info/top_level.txt
[4.761s] reading manifest file '../../build/my_id_robot/my_id_robot.egg-info/SOURCES.txt'
[4.768s] writing manifest file '../../build/my_id_robot/my_id_robot.egg-info/SOURCES.txt'
[4.769s] running build
[4.770s] running build_py
[4.775s] running install
[4.776s] /usr/lib/python3/dist-packages/setuptools/command/install.py:34: SetuptoolsDeprecationWarning: setup.py install is deprecated. Use build and pip and other standards-based tools.
[4.777s]   warnings.warn(
[4.778s] running install_lib
[4.788s] running install_data
[4.793s] running install_egg_info
[4.800s] removing '/home/redleader/ros2_ws/install/my_id_robot/lib/python3.10/site-packages/my_id_robot-0.0.0-py3.10.egg-info' (and everything under it)
[4.801s] Copying ../../build/my_id_robot/my_id_robot.egg-info to /home/redleader/ros2_ws/install/my_id_robot/lib/python3.10/site-packages/my_id_robot-0.0.0-py3.10.egg-info
[4.808s] running install_scripts
[4.891s] Installing main_subscriber script to /home/redleader/ros2_ws/install/my_id_robot/lib/my_id_robot
[4.893s] Installing my_robot_launch script to /home/redleader/ros2_ws/install/my_id_robot/lib/my_id_robot
[4.894s] Installing opencv_subscriber script to /home/redleader/ros2_ws/install/my_id_robot/lib/my_id_robot
[4.895s] Installing servo_subscriber script to /home/redleader/ros2_ws/install/my_id_robot/lib/my_id_robot
[4.896s] Installing voice_publisher script to /home/redleader/ros2_ws/install/my_id_robot/lib/my_id_robot
[4.899s] writing list of installed files to '/home/redleader/ros2_ws/build/my_id_robot/install.log'
[5.025s] Invoked command in '/home/redleader/ros2_ws/src/my_id_robot' returned '0': PYTHONPATH=/home/redleader/ros2_ws/build/my_id_robot/prefix_override:/home/redleader/ros2_ws/install/my_id_robot/lib/python3.10/site-packages:${PYTHONPATH} /usr/bin/python3 setup.py egg_info --egg-base ../../build/my_id_robot build --build-base /home/redleader/ros2_ws/build/my_id_robot/build install --record /home/redleader/ros2_ws/build/my_id_robot/install.log --install-scripts $base/lib/my_id_robot --single-version-externally-managed
