[6.595s] DEBUG:colcon:Command line arguments: ['/usr/bin/colcon', 'build']
[6.595s] DEBUG:colcon:Parsed command line arguments: Namespace(log_base=None, log_level=None, verb_name='build', build_base='build', install_base='install', merge_install=False, symlink_install=False, test_result_base=None, continue_on_error=False, executor='parallel', parallel_workers=4, event_handlers=None, ignore_user_meta=False, metas=['./colcon.meta'], base_paths=['.'], packages_ignore=None, packages_ignore_regex=None, paths=None, packages_up_to=None, packages_up_to_regex=None, packages_above=None, packages_above_and_dependencies=None, packages_above_depth=None, packages_select_by_dep=None, packages_skip_by_dep=None, packages_skip_up_to=None, packages_select_build_failed=False, packages_skip_build_finished=False, packages_select_test_failures=False, packages_skip_test_passed=False, packages_select=None, packages_skip=None, packages_select_regex=None, packages_skip_regex=None, packages_start=None, packages_end=None, allow_overriding=[], cmake_args=None, cmake_target=None, cmake_target_skip_unavailable=False, cmake_clean_cache=False, cmake_clean_first=False, cmake_force_configure=False, ament_cmake_args=None, catkin_cmake_args=None, catkin_skip_building_tests=False, verb_parser=<colcon_defaults.argument_parser.defaults.DefaultArgumentsDecorator object at 0xffffa1ccac80>, verb_extension=<colcon_core.verb.build.BuildVerb object at 0xffffa1fb0c40>, main=<bound method BuildVerb.main of <colcon_core.verb.build.BuildVerb object at 0xffffa1fb0c40>>)
[7.176s] Level 1:colcon.colcon_core.package_discovery:discover_packages(colcon_meta) check parameters
[7.176s] Level 1:colcon.colcon_core.package_discovery:discover_packages(recursive) check parameters
[7.177s] Level 1:colcon.colcon_core.package_discovery:discover_packages(ignore) check parameters
[7.177s] Level 1:colcon.colcon_core.package_discovery:discover_packages(path) check parameters
[7.177s] Level 1:colcon.colcon_core.package_discovery:discover_packages(colcon_meta) discover
[7.177s] Level 1:colcon.colcon_core.package_discovery:discover_packages(recursive) discover
[7.177s] INFO:colcon.colcon_core.package_discovery:Crawling recursively for packages in '/home/redleader/ros2_ws'
[7.178s] Level 1:colcon.colcon_core.package_identification:_identify(.) by extensions ['ignore', 'ignore_ament_install']
[7.178s] Level 1:colcon.colcon_core.package_identification:_identify(.) by extension 'ignore'
[7.179s] Level 1:colcon.colcon_core.package_identification:_identify(.) by extension 'ignore_ament_install'
[7.179s] Level 1:colcon.colcon_core.package_identification:_identify(.) by extensions ['colcon_pkg']
[7.179s] Level 1:colcon.colcon_core.package_identification:_identify(.) by extension 'colcon_pkg'
[7.179s] Level 1:colcon.colcon_core.package_identification:_identify(.) by extensions ['colcon_meta']
[7.180s] Level 1:colcon.colcon_core.package_identification:_identify(.) by extension 'colcon_meta'
[7.180s] Level 1:colcon.colcon_core.package_identification:_identify(.) by extensions ['ros']
[7.180s] Level 1:colcon.colcon_core.package_identification:_identify(.) by extension 'ros'
[7.237s] Level 1:colcon.colcon_core.package_identification:_identify(.) by extensions ['cmake', 'python']
[7.237s] Level 1:colcon.colcon_core.package_identification:_identify(.) by extension 'cmake'
[7.237s] Level 1:colcon.colcon_core.package_identification:_identify(.) by extension 'python'
[7.237s] Level 1:colcon.colcon_core.package_identification:_identify(.) by extensions ['python_setup_py']
[7.237s] Level 1:colcon.colcon_core.package_identification:_identify(.) by extension 'python_setup_py'
[7.238s] Level 1:colcon.colcon_core.package_identification:_identify(build) by extensions ['ignore', 'ignore_ament_install']
[7.238s] Level 1:colcon.colcon_core.package_identification:_identify(build) by extension 'ignore'
[7.238s] Level 1:colcon.colcon_core.package_identification:_identify(build) ignored
[7.239s] Level 1:colcon.colcon_core.package_identification:_identify(install) by extensions ['ignore', 'ignore_ament_install']
[7.239s] Level 1:colcon.colcon_core.package_identification:_identify(install) by extension 'ignore'
[7.240s] Level 1:colcon.colcon_core.package_identification:_identify(install) ignored
[7.240s] Level 1:colcon.colcon_core.package_identification:_identify(log) by extensions ['ignore', 'ignore_ament_install']
[7.240s] Level 1:colcon.colcon_core.package_identification:_identify(log) by extension 'ignore'
[7.241s] Level 1:colcon.colcon_core.package_identification:_identify(log) ignored
[7.241s] Level 1:colcon.colcon_core.package_identification:_identify(src) by extensions ['ignore', 'ignore_ament_install']
[7.241s] Level 1:colcon.colcon_core.package_identification:_identify(src) by extension 'ignore'
[7.241s] Level 1:colcon.colcon_core.package_identification:_identify(src) by extension 'ignore_ament_install'
[7.242s] Level 1:colcon.colcon_core.package_identification:_identify(src) by extensions ['colcon_pkg']
[7.242s] Level 1:colcon.colcon_core.package_identification:_identify(src) by extension 'colcon_pkg'
[7.242s] Level 1:colcon.colcon_core.package_identification:_identify(src) by extensions ['colcon_meta']
[7.242s] Level 1:colcon.colcon_core.package_identification:_identify(src) by extension 'colcon_meta'
[7.242s] Level 1:colcon.colcon_core.package_identification:_identify(src) by extensions ['ros']
[7.242s] Level 1:colcon.colcon_core.package_identification:_identify(src) by extension 'ros'
[7.243s] Level 1:colcon.colcon_core.package_identification:_identify(src) by extensions ['cmake', 'python']
[7.243s] Level 1:colcon.colcon_core.package_identification:_identify(src) by extension 'cmake'
[7.243s] Level 1:colcon.colcon_core.package_identification:_identify(src) by extension 'python'
[7.243s] Level 1:colcon.colcon_core.package_identification:_identify(src) by extensions ['python_setup_py']
[7.243s] Level 1:colcon.colcon_core.package_identification:_identify(src) by extension 'python_setup_py'
[7.244s] Level 1:colcon.colcon_core.package_identification:_identify(src/my_id_robot) by extensions ['ignore', 'ignore_ament_install']
[7.244s] Level 1:colcon.colcon_core.package_identification:_identify(src/my_id_robot) by extension 'ignore'
[7.244s] Level 1:colcon.colcon_core.package_identification:_identify(src/my_id_robot) by extension 'ignore_ament_install'
[7.245s] Level 1:colcon.colcon_core.package_identification:_identify(src/my_id_robot) by extensions ['colcon_pkg']
[7.245s] Level 1:colcon.colcon_core.package_identification:_identify(src/my_id_robot) by extension 'colcon_pkg'
[7.245s] Level 1:colcon.colcon_core.package_identification:_identify(src/my_id_robot) by extensions ['colcon_meta']
[7.245s] Level 1:colcon.colcon_core.package_identification:_identify(src/my_id_robot) by extension 'colcon_meta'
[7.245s] Level 1:colcon.colcon_core.package_identification:_identify(src/my_id_robot) by extensions ['ros']
[7.245s] Level 1:colcon.colcon_core.package_identification:_identify(src/my_id_robot) by extension 'ros'
[7.258s] DEBUG:colcon.colcon_core.package_identification:Package 'src/my_id_robot' with type 'ros.ament_python' and name 'my_id_robot'
[7.259s] Level 1:colcon.colcon_core.package_discovery:discover_packages(recursive) using defaults
[7.259s] Level 1:colcon.colcon_core.package_discovery:discover_packages(ignore) discover
[7.259s] Level 1:colcon.colcon_core.package_discovery:discover_packages(ignore) using defaults
[7.259s] Level 1:colcon.colcon_core.package_discovery:discover_packages(path) discover
[7.259s] Level 1:colcon.colcon_core.package_discovery:discover_packages(path) using defaults
[7.786s] Level 1:colcon.colcon_core.package_discovery:discover_packages(prefix_path) check parameters
[7.787s] Level 1:colcon.colcon_core.package_discovery:discover_packages(prefix_path) discover
[7.931s] DEBUG:colcon.colcon_installed_package_information.package_discovery:Found 1 installed packages in /home/redleader/ros2_ws/install
[8.003s] DEBUG:colcon.colcon_installed_package_information.package_discovery:Found 271 installed packages in /opt/ros/humble
[8.016s] Level 1:colcon.colcon_core.package_discovery:discover_packages(prefix_path) using defaults
[8.569s] Level 5:colcon.colcon_core.verb:set package 'my_id_robot' build argument 'cmake_args' from command line to 'None'
[8.569s] Level 5:colcon.colcon_core.verb:set package 'my_id_robot' build argument 'cmake_target' from command line to 'None'
[8.569s] Level 5:colcon.colcon_core.verb:set package 'my_id_robot' build argument 'cmake_target_skip_unavailable' from command line to 'False'
[8.569s] Level 5:colcon.colcon_core.verb:set package 'my_id_robot' build argument 'cmake_clean_cache' from command line to 'False'
[8.569s] Level 5:colcon.colcon_core.verb:set package 'my_id_robot' build argument 'cmake_clean_first' from command line to 'False'
[8.570s] Level 5:colcon.colcon_core.verb:set package 'my_id_robot' build argument 'cmake_force_configure' from command line to 'False'
[8.570s] Level 5:colcon.colcon_core.verb:set package 'my_id_robot' build argument 'ament_cmake_args' from command line to 'None'
[8.570s] Level 5:colcon.colcon_core.verb:set package 'my_id_robot' build argument 'catkin_cmake_args' from command line to 'None'
[8.570s] Level 5:colcon.colcon_core.verb:set package 'my_id_robot' build argument 'catkin_skip_building_tests' from command line to 'False'
[8.570s] DEBUG:colcon.colcon_core.verb:Building package 'my_id_robot' with the following arguments: {'ament_cmake_args': None, 'build_base': '/home/redleader/ros2_ws/build/my_id_robot', 'catkin_cmake_args': None, 'catkin_skip_building_tests': False, 'cmake_args': None, 'cmake_clean_cache': False, 'cmake_clean_first': False, 'cmake_force_configure': False, 'cmake_target': None, 'cmake_target_skip_unavailable': False, 'install_base': '/home/redleader/ros2_ws/install/my_id_robot', 'merge_install': False, 'path': '/home/redleader/ros2_ws/src/my_id_robot', 'symlink_install': False, 'test_result_base': None}
[8.636s] INFO:colcon.colcon_core.executor:Executing jobs using 'parallel' executor
[8.709s] DEBUG:colcon.colcon_parallel_executor.executor.parallel:run_until_complete
[8.711s] INFO:colcon.colcon_ros.task.ament_python.build:Building ROS package in '/home/redleader/ros2_ws/src/my_id_robot' with build type 'ament_python'
[8.713s] Level 1:colcon.colcon_core.shell:create_environment_hook('my_id_robot', 'ament_prefix_path')
[8.898s] INFO:colcon.colcon_core.plugin_system:Skipping extension 'colcon_core.shell.bat': Not used on non-Windows systems
[8.899s] INFO:colcon.colcon_core.shell:Creating environment hook '/home/redleader/ros2_ws/install/my_id_robot/share/my_id_robot/hook/ament_prefix_path.ps1'
[8.904s] INFO:colcon.colcon_core.shell:Creating environment descriptor '/home/redleader/ros2_ws/install/my_id_robot/share/my_id_robot/hook/ament_prefix_path.dsv'
[8.910s] INFO:colcon.colcon_core.shell:Creating environment hook '/home/redleader/ros2_ws/install/my_id_robot/share/my_id_robot/hook/ament_prefix_path.sh'
[8.992s] INFO:colcon.colcon_core.shell:Skip shell extension 'powershell' for command environment: Not usable outside of PowerShell
[8.992s] DEBUG:colcon.colcon_core.shell:Skip shell extension 'dsv' for command environment
[10.805s] INFO:colcon.colcon_core.task.python.build:Building Python package in '/home/redleader/ros2_ws/src/my_id_robot'
[10.894s] INFO:colcon.colcon_core.shell:Skip shell extension 'powershell' for command environment: Not usable outside of PowerShell
[10.894s] DEBUG:colcon.colcon_core.shell:Skip shell extension 'dsv' for command environment
[13.460s] DEBUG:colcon.colcon_core.event_handler.log_command:Invoking command in '/home/redleader/ros2_ws/src/my_id_robot': PYTHONPATH=/home/redleader/ros2_ws/build/my_id_robot/prefix_override:/home/redleader/ros2_ws/install/my_id_robot/lib/python3.10/site-packages:${PYTHONPATH} /usr/bin/python3 setup.py egg_info --egg-base ../../build/my_id_robot build --build-base /home/redleader/ros2_ws/build/my_id_robot/build install --record /home/redleader/ros2_ws/build/my_id_robot/install.log --install-scripts $base/lib/my_id_robot --single-version-externally-managed
[15.166s] DEBUG:colcon.colcon_core.event_handler.log_command:Invoked command in '/home/redleader/ros2_ws/src/my_id_robot' returned '0': PYTHONPATH=/home/redleader/ros2_ws/build/my_id_robot/prefix_override:/home/redleader/ros2_ws/install/my_id_robot/lib/python3.10/site-packages:${PYTHONPATH} /usr/bin/python3 setup.py egg_info --egg-base ../../build/my_id_robot build --build-base /home/redleader/ros2_ws/build/my_id_robot/build install --record /home/redleader/ros2_ws/build/my_id_robot/install.log --install-scripts $base/lib/my_id_robot --single-version-externally-managed
[15.266s] Level 1:colcon.colcon_core.environment:checking '/home/redleader/ros2_ws/install/my_id_robot' for CMake module files
[15.270s] Level 1:colcon.colcon_core.environment:checking '/home/redleader/ros2_ws/install/my_id_robot' for CMake config files
[15.276s] Level 1:colcon.colcon_core.environment:checking '/home/redleader/ros2_ws/install/my_id_robot/lib'
[15.277s] Level 1:colcon.colcon_core.environment:checking '/home/redleader/ros2_ws/install/my_id_robot/bin'
[15.278s] Level 1:colcon.colcon_core.environment:checking '/home/redleader/ros2_ws/install/my_id_robot/lib/pkgconfig/my_id_robot.pc'
[15.279s] Level 1:colcon.colcon_core.environment:checking '/home/redleader/ros2_ws/install/my_id_robot/lib/python3.10/site-packages'
[15.279s] Level 1:colcon.colcon_core.shell:create_environment_hook('my_id_robot', 'pythonpath')
[15.392s] INFO:colcon.colcon_core.shell:Creating environment hook '/home/redleader/ros2_ws/install/my_id_robot/share/my_id_robot/hook/pythonpath.ps1'
[15.395s] INFO:colcon.colcon_core.shell:Creating environment descriptor '/home/redleader/ros2_ws/install/my_id_robot/share/my_id_robot/hook/pythonpath.dsv'
[15.399s] INFO:colcon.colcon_core.shell:Creating environment hook '/home/redleader/ros2_ws/install/my_id_robot/share/my_id_robot/hook/pythonpath.sh'
[15.404s] Level 1:colcon.colcon_core.environment:checking '/home/redleader/ros2_ws/install/my_id_robot/bin'
[15.405s] Level 1:colcon.colcon_core.environment:create_environment_scripts_only(my_id_robot)
[15.505s] INFO:colcon.colcon_core.shell:Creating package script '/home/redleader/ros2_ws/install/my_id_robot/share/my_id_robot/package.ps1'
[15.512s] INFO:colcon.colcon_core.shell:Creating package descriptor '/home/redleader/ros2_ws/install/my_id_robot/share/my_id_robot/package.dsv'
[15.521s] INFO:colcon.colcon_core.shell:Creating package script '/home/redleader/ros2_ws/install/my_id_robot/share/my_id_robot/package.sh'
[15.527s] INFO:colcon.colcon_core.shell:Creating package script '/home/redleader/ros2_ws/install/my_id_robot/share/my_id_robot/package.bash'
[15.534s] INFO:colcon.colcon_core.shell:Creating package script '/home/redleader/ros2_ws/install/my_id_robot/share/my_id_robot/package.zsh'
[15.540s] Level 1:colcon.colcon_core.environment:create_file_with_runtime_dependencies(/home/redleader/ros2_ws/install/my_id_robot/share/colcon-core/packages/my_id_robot)
[15.541s] DEBUG:colcon.colcon_parallel_executor.executor.parallel:closing loop
[15.543s] DEBUG:colcon.colcon_parallel_executor.executor.parallel:loop closed
[15.543s] DEBUG:colcon.colcon_parallel_executor.executor.parallel:run_until_complete finished with '0'
[15.544s] DEBUG:colcon.colcon_core.event_reactor:joining thread
[15.675s] INFO:colcon.colcon_core.plugin_system:Skipping extension 'colcon_notification.desktop_notification.terminal_notifier': Not used on non-Darwin systems
[15.675s] INFO:colcon.colcon_core.plugin_system:Skipping extension 'colcon_notification.desktop_notification.win32': Not used on non-Windows systems
[15.675s] INFO:colcon.colcon_notification.desktop_notification:Sending desktop notification using 'notify2'
[15.774s] DEBUG:colcon.colcon_core.event_reactor:joined thread
[15.926s] INFO:colcon.colcon_core.shell:Creating prefix script '/home/redleader/ros2_ws/install/local_setup.ps1'
[15.933s] INFO:colcon.colcon_core.shell:Creating prefix util module '/home/redleader/ros2_ws/install/_local_setup_util_ps1.py'
[15.942s] INFO:colcon.colcon_core.shell:Creating prefix chain script '/home/redleader/ros2_ws/install/setup.ps1'
[16.096s] INFO:colcon.colcon_core.shell:Creating prefix script '/home/redleader/ros2_ws/install/local_setup.sh'
[16.101s] INFO:colcon.colcon_core.shell:Creating prefix util module '/home/redleader/ros2_ws/install/_local_setup_util_sh.py'
[16.103s] INFO:colcon.colcon_core.shell:Creating prefix chain script '/home/redleader/ros2_ws/install/setup.sh'
[16.211s] INFO:colcon.colcon_core.shell:Creating prefix script '/home/redleader/ros2_ws/install/local_setup.bash'
[16.215s] INFO:colcon.colcon_core.shell:Creating prefix chain script '/home/redleader/ros2_ws/install/setup.bash'
[16.317s] INFO:colcon.colcon_core.shell:Creating prefix script '/home/redleader/ros2_ws/install/local_setup.zsh'
[16.322s] INFO:colcon.colcon_core.shell:Creating prefix chain script '/home/redleader/ros2_ws/install/setup.zsh'
