/home/redleader/ros2_ws/install/my_id_robot/lib/python3.10/site-packages/my_id_robot/servo_subscriber.py
/home/redleader/ros2_ws/install/my_id_robot/lib/python3.10/site-packages/my_id_robot/voice_publisher.sphinx.py
/home/redleader/ros2_ws/install/my_id_robot/lib/python3.10/site-packages/my_id_robot/main_subscriber.py
/home/redleader/ros2_ws/install/my_id_robot/lib/python3.10/site-packages/my_id_robot/old_main_subscriber.py
/home/redleader/ros2_ws/install/my_id_robot/lib/python3.10/site-packages/my_id_robot/opencv_subscriber.py
/home/redleader/ros2_ws/install/my_id_robot/lib/python3.10/site-packages/my_id_robot/voice_publisher.py
/home/redleader/ros2_ws/install/my_id_robot/lib/python3.10/site-packages/my_id_robot/__init__.py
/home/redleader/ros2_ws/install/my_id_robot/lib/python3.10/site-packages/my_id_robot/__pycache__/servo_subscriber.cpython-310.pyc
/home/redleader/ros2_ws/install/my_id_robot/lib/python3.10/site-packages/my_id_robot/__pycache__/voice_publisher.sphinx.cpython-310.pyc
/home/redleader/ros2_ws/install/my_id_robot/lib/python3.10/site-packages/my_id_robot/__pycache__/main_subscriber.cpython-310.pyc
/home/redleader/ros2_ws/install/my_id_robot/lib/python3.10/site-packages/my_id_robot/__pycache__/old_main_subscriber.cpython-310.pyc
/home/redleader/ros2_ws/install/my_id_robot/lib/python3.10/site-packages/my_id_robot/__pycache__/opencv_subscriber.cpython-310.pyc
/home/redleader/ros2_ws/install/my_id_robot/lib/python3.10/site-packages/my_id_robot/__pycache__/voice_publisher.cpython-310.pyc
/home/redleader/ros2_ws/install/my_id_robot/lib/python3.10/site-packages/my_id_robot/__pycache__/__init__.cpython-310.pyc
/home/redleader/ros2_ws/install/my_id_robot/share/ament_index/resource_index/packages/my_id_robot
/home/redleader/ros2_ws/install/my_id_robot/share/my_id_robot/package.xml
/home/redleader/ros2_ws/install/my_id_robot/share/my_id_robot/launch/my_robot.launch.py
/home/redleader/ros2_ws/install/my_id_robot/lib/python3.10/site-packages/my_id_robot-0.0.0-py3.10.egg-info/dependency_links.txt
/home/redleader/ros2_ws/install/my_id_robot/lib/python3.10/site-packages/my_id_robot-0.0.0-py3.10.egg-info/SOURCES.txt
/home/redleader/ros2_ws/install/my_id_robot/lib/python3.10/site-packages/my_id_robot-0.0.0-py3.10.egg-info/entry_points.txt
/home/redleader/ros2_ws/install/my_id_robot/lib/python3.10/site-packages/my_id_robot-0.0.0-py3.10.egg-info/top_level.txt
/home/redleader/ros2_ws/install/my_id_robot/lib/python3.10/site-packages/my_id_robot-0.0.0-py3.10.egg-info/requires.txt
/home/redleader/ros2_ws/install/my_id_robot/lib/python3.10/site-packages/my_id_robot-0.0.0-py3.10.egg-info/PKG-INFO
/home/redleader/ros2_ws/install/my_id_robot/lib/python3.10/site-packages/my_id_robot-0.0.0-py3.10.egg-info/zip-safe
/home/redleader/ros2_ws/install/my_id_robot/lib/my_id_robot/main_subscriber
/home/redleader/ros2_ws/install/my_id_robot/lib/my_id_robot/my_robot_launch
/home/redleader/ros2_ws/install/my_id_robot/lib/my_id_robot/opencv_subscriber
/home/redleader/ros2_ws/install/my_id_robot/lib/my_id_robot/servo_subscriber
/home/redleader/ros2_ws/install/my_id_robot/lib/my_id_robot/voice_publisher
