[4.469s] DEBUG:colcon:Command line arguments: ['/usr/bin/colcon', 'build']
[4.470s] DEBUG:colcon:Parsed command line arguments: Namespace(log_base=None, log_level=None, verb_name='build', build_base='build', install_base='install', merge_install=False, symlink_install=False, test_result_base=None, continue_on_error=False, executor='parallel', parallel_workers=4, event_handlers=None, ignore_user_meta=False, metas=['./colcon.meta'], base_paths=['.'], packages_ignore=None, packages_ignore_regex=None, paths=None, packages_up_to=None, packages_up_to_regex=None, packages_above=None, packages_above_and_dependencies=None, packages_above_depth=None, packages_select_by_dep=None, packages_skip_by_dep=None, packages_skip_up_to=None, packages_select_build_failed=False, packages_skip_build_finished=False, packages_select_test_failures=False, packages_skip_test_passed=False, packages_select=None, packages_skip=None, packages_select_regex=None, packages_skip_regex=None, packages_start=None, packages_end=None, allow_overriding=[], cmake_args=None, cmake_target=None, cmake_target_skip_unavailable=False, cmake_clean_cache=False, cmake_clean_first=False, cmake_force_configure=False, ament_cmake_args=None, catkin_cmake_args=None, catkin_skip_building_tests=False, verb_parser=<colcon_defaults.argument_parser.defaults.DefaultArgumentsDecorator object at 0xffffa064ed70>, verb_extension=<colcon_core.verb.build.BuildVerb object at 0xffffa0911720>, main=<bound method BuildVerb.main of <colcon_core.verb.build.BuildVerb object at 0xffffa0911720>>)
[4.677s] Level 1:colcon.colcon_core.package_discovery:discover_packages(colcon_meta) check parameters
[4.678s] Level 1:colcon.colcon_core.package_discovery:discover_packages(recursive) check parameters
[4.678s] Level 1:colcon.colcon_core.package_discovery:discover_packages(ignore) check parameters
[4.678s] Level 1:colcon.colcon_core.package_discovery:discover_packages(path) check parameters
[4.678s] Level 1:colcon.colcon_core.package_discovery:discover_packages(colcon_meta) discover
[4.678s] Level 1:colcon.colcon_core.package_discovery:discover_packages(recursive) discover
[4.678s] INFO:colcon.colcon_core.package_discovery:Crawling recursively for packages in '/home/redleader/ros2_ws'
[4.679s] Level 1:colcon.colcon_core.package_identification:_identify(.) by extensions ['ignore', 'ignore_ament_install']
[4.679s] Level 1:colcon.colcon_core.package_identification:_identify(.) by extension 'ignore'
[4.679s] Level 1:colcon.colcon_core.package_identification:_identify(.) by extension 'ignore_ament_install'
[4.680s] Level 1:colcon.colcon_core.package_identification:_identify(.) by extensions ['colcon_pkg']
[4.680s] Level 1:colcon.colcon_core.package_identification:_identify(.) by extension 'colcon_pkg'
[4.680s] Level 1:colcon.colcon_core.package_identification:_identify(.) by extensions ['colcon_meta']
[4.680s] Level 1:colcon.colcon_core.package_identification:_identify(.) by extension 'colcon_meta'
[4.680s] Level 1:colcon.colcon_core.package_identification:_identify(.) by extensions ['ros']
[4.680s] Level 1:colcon.colcon_core.package_identification:_identify(.) by extension 'ros'
[4.727s] Level 1:colcon.colcon_core.package_identification:_identify(.) by extensions ['cmake', 'python']
[4.727s] Level 1:colcon.colcon_core.package_identification:_identify(.) by extension 'cmake'
[4.727s] Level 1:colcon.colcon_core.package_identification:_identify(.) by extension 'python'
[4.727s] Level 1:colcon.colcon_core.package_identification:_identify(.) by extensions ['python_setup_py']
[4.728s] Level 1:colcon.colcon_core.package_identification:_identify(.) by extension 'python_setup_py'
[4.728s] Level 1:colcon.colcon_core.package_identification:_identify(build) by extensions ['ignore', 'ignore_ament_install']
[4.728s] Level 1:colcon.colcon_core.package_identification:_identify(build) by extension 'ignore'
[4.729s] Level 1:colcon.colcon_core.package_identification:_identify(build) ignored
[4.729s] Level 1:colcon.colcon_core.package_identification:_identify(install) by extensions ['ignore', 'ignore_ament_install']
[4.730s] Level 1:colcon.colcon_core.package_identification:_identify(install) by extension 'ignore'
[4.730s] Level 1:colcon.colcon_core.package_identification:_identify(install) ignored
[4.730s] Level 1:colcon.colcon_core.package_identification:_identify(log) by extensions ['ignore', 'ignore_ament_install']
[4.731s] Level 1:colcon.colcon_core.package_identification:_identify(log) by extension 'ignore'
[4.731s] Level 1:colcon.colcon_core.package_identification:_identify(log) ignored
[4.731s] Level 1:colcon.colcon_core.package_identification:_identify(src) by extensions ['ignore', 'ignore_ament_install']
[4.731s] Level 1:colcon.colcon_core.package_identification:_identify(src) by extension 'ignore'
[4.732s] Level 1:colcon.colcon_core.package_identification:_identify(src) by extension 'ignore_ament_install'
[4.732s] Level 1:colcon.colcon_core.package_identification:_identify(src) by extensions ['colcon_pkg']
[4.732s] Level 1:colcon.colcon_core.package_identification:_identify(src) by extension 'colcon_pkg'
[4.732s] Level 1:colcon.colcon_core.package_identification:_identify(src) by extensions ['colcon_meta']
[4.732s] Level 1:colcon.colcon_core.package_identification:_identify(src) by extension 'colcon_meta'
[4.732s] Level 1:colcon.colcon_core.package_identification:_identify(src) by extensions ['ros']
[4.733s] Level 1:colcon.colcon_core.package_identification:_identify(src) by extension 'ros'
[4.733s] Level 1:colcon.colcon_core.package_identification:_identify(src) by extensions ['cmake', 'python']
[4.733s] Level 1:colcon.colcon_core.package_identification:_identify(src) by extension 'cmake'
[4.733s] Level 1:colcon.colcon_core.package_identification:_identify(src) by extension 'python'
[4.733s] Level 1:colcon.colcon_core.package_identification:_identify(src) by extensions ['python_setup_py']
[4.733s] Level 1:colcon.colcon_core.package_identification:_identify(src) by extension 'python_setup_py'
[4.734s] Level 1:colcon.colcon_core.package_identification:_identify(src/my_id_robot) by extensions ['ignore', 'ignore_ament_install']
[4.734s] Level 1:colcon.colcon_core.package_identification:_identify(src/my_id_robot) by extension 'ignore'
[4.734s] Level 1:colcon.colcon_core.package_identification:_identify(src/my_id_robot) by extension 'ignore_ament_install'
[4.734s] Level 1:colcon.colcon_core.package_identification:_identify(src/my_id_robot) by extensions ['colcon_pkg']
[4.735s] Level 1:colcon.colcon_core.package_identification:_identify(src/my_id_robot) by extension 'colcon_pkg'
[4.735s] Level 1:colcon.colcon_core.package_identification:_identify(src/my_id_robot) by extensions ['colcon_meta']
[4.735s] Level 1:colcon.colcon_core.package_identification:_identify(src/my_id_robot) by extension 'colcon_meta'
[4.735s] Level 1:colcon.colcon_core.package_identification:_identify(src/my_id_robot) by extensions ['ros']
[4.735s] Level 1:colcon.colcon_core.package_identification:_identify(src/my_id_robot) by extension 'ros'
[4.744s] DEBUG:colcon.colcon_core.package_identification:Package 'src/my_id_robot' with type 'ros.ament_python' and name 'my_id_robot'
[4.744s] Level 1:colcon.colcon_core.package_discovery:discover_packages(recursive) using defaults
[4.744s] Level 1:colcon.colcon_core.package_discovery:discover_packages(ignore) discover
[4.744s] Level 1:colcon.colcon_core.package_discovery:discover_packages(ignore) using defaults
[4.745s] Level 1:colcon.colcon_core.package_discovery:discover_packages(path) discover
[4.745s] Level 1:colcon.colcon_core.package_discovery:discover_packages(path) using defaults
[5.135s] Level 1:colcon.colcon_core.package_discovery:discover_packages(prefix_path) check parameters
[5.135s] Level 1:colcon.colcon_core.package_discovery:discover_packages(prefix_path) discover
[5.273s] DEBUG:colcon.colcon_installed_package_information.package_discovery:Found 1 installed packages in /home/redleader/ros2_ws/install
[5.345s] DEBUG:colcon.colcon_installed_package_information.package_discovery:Found 271 installed packages in /opt/ros/humble
[5.350s] Level 1:colcon.colcon_core.package_discovery:discover_packages(prefix_path) using defaults
[5.784s] Level 5:colcon.colcon_core.verb:set package 'my_id_robot' build argument 'cmake_args' from command line to 'None'
[5.784s] Level 5:colcon.colcon_core.verb:set package 'my_id_robot' build argument 'cmake_target' from command line to 'None'
[5.784s] Level 5:colcon.colcon_core.verb:set package 'my_id_robot' build argument 'cmake_target_skip_unavailable' from command line to 'False'
[5.784s] Level 5:colcon.colcon_core.verb:set package 'my_id_robot' build argument 'cmake_clean_cache' from command line to 'False'
[5.784s] Level 5:colcon.colcon_core.verb:set package 'my_id_robot' build argument 'cmake_clean_first' from command line to 'False'
[5.784s] Level 5:colcon.colcon_core.verb:set package 'my_id_robot' build argument 'cmake_force_configure' from command line to 'False'
[5.784s] Level 5:colcon.colcon_core.verb:set package 'my_id_robot' build argument 'ament_cmake_args' from command line to 'None'
[5.785s] Level 5:colcon.colcon_core.verb:set package 'my_id_robot' build argument 'catkin_cmake_args' from command line to 'None'
[5.785s] Level 5:colcon.colcon_core.verb:set package 'my_id_robot' build argument 'catkin_skip_building_tests' from command line to 'False'
[5.785s] DEBUG:colcon.colcon_core.verb:Building package 'my_id_robot' with the following arguments: {'ament_cmake_args': None, 'build_base': '/home/redleader/ros2_ws/build/my_id_robot', 'catkin_cmake_args': None, 'catkin_skip_building_tests': False, 'cmake_args': None, 'cmake_clean_cache': False, 'cmake_clean_first': False, 'cmake_force_configure': False, 'cmake_target': None, 'cmake_target_skip_unavailable': False, 'install_base': '/home/redleader/ros2_ws/install/my_id_robot', 'merge_install': False, 'path': '/home/redleader/ros2_ws/src/my_id_robot', 'symlink_install': False, 'test_result_base': None}
[5.850s] INFO:colcon.colcon_core.executor:Executing jobs using 'parallel' executor
[5.917s] DEBUG:colcon.colcon_parallel_executor.executor.parallel:run_until_complete
[5.918s] INFO:colcon.colcon_ros.task.ament_python.build:Building ROS package in '/home/redleader/ros2_ws/src/my_id_robot' with build type 'ament_python'
[5.918s] Level 1:colcon.colcon_core.shell:create_environment_hook('my_id_robot', 'ament_prefix_path')
[6.004s] INFO:colcon.colcon_core.plugin_system:Skipping extension 'colcon_core.shell.bat': Not used on non-Windows systems
[6.005s] INFO:colcon.colcon_core.shell:Creating environment hook '/home/redleader/ros2_ws/install/my_id_robot/share/my_id_robot/hook/ament_prefix_path.ps1'
[6.007s] INFO:colcon.colcon_core.shell:Creating environment descriptor '/home/redleader/ros2_ws/install/my_id_robot/share/my_id_robot/hook/ament_prefix_path.dsv'
[6.009s] INFO:colcon.colcon_core.shell:Creating environment hook '/home/redleader/ros2_ws/install/my_id_robot/share/my_id_robot/hook/ament_prefix_path.sh'
[6.094s] INFO:colcon.colcon_core.shell:Skip shell extension 'powershell' for command environment: Not usable outside of PowerShell
[6.095s] DEBUG:colcon.colcon_core.shell:Skip shell extension 'dsv' for command environment
[7.566s] INFO:colcon.colcon_core.task.python.build:Building Python package in '/home/redleader/ros2_ws/src/my_id_robot'
[7.637s] INFO:colcon.colcon_core.shell:Skip shell extension 'powershell' for command environment: Not usable outside of PowerShell
[7.638s] DEBUG:colcon.colcon_core.shell:Skip shell extension 'dsv' for command environment
[9.420s] DEBUG:colcon.colcon_core.event_handler.log_command:Invoking command in '/home/redleader/ros2_ws/src/my_id_robot': PYTHONPATH=/home/redleader/ros2_ws/build/my_id_robot/prefix_override:/home/redleader/ros2_ws/install/my_id_robot/lib/python3.10/site-packages:${PYTHONPATH} /usr/bin/python3 setup.py egg_info --egg-base ../../build/my_id_robot build --build-base /home/redleader/ros2_ws/build/my_id_robot/build install --record /home/redleader/ros2_ws/build/my_id_robot/install.log --install-scripts $base/lib/my_id_robot --single-version-externally-managed
[10.845s] DEBUG:colcon.colcon_core.event_handler.log_command:Invoked command in '/home/redleader/ros2_ws/src/my_id_robot' returned '0': PYTHONPATH=/home/redleader/ros2_ws/build/my_id_robot/prefix_override:/home/redleader/ros2_ws/install/my_id_robot/lib/python3.10/site-packages:${PYTHONPATH} /usr/bin/python3 setup.py egg_info --egg-base ../../build/my_id_robot build --build-base /home/redleader/ros2_ws/build/my_id_robot/build install --record /home/redleader/ros2_ws/build/my_id_robot/install.log --install-scripts $base/lib/my_id_robot --single-version-externally-managed
[10.929s] Level 1:colcon.colcon_core.environment:checking '/home/redleader/ros2_ws/install/my_id_robot' for CMake module files
[10.932s] Level 1:colcon.colcon_core.environment:checking '/home/redleader/ros2_ws/install/my_id_robot' for CMake config files
[10.936s] Level 1:colcon.colcon_core.environment:checking '/home/redleader/ros2_ws/install/my_id_robot/lib'
[10.937s] Level 1:colcon.colcon_core.environment:checking '/home/redleader/ros2_ws/install/my_id_robot/bin'
[10.937s] Level 1:colcon.colcon_core.environment:checking '/home/redleader/ros2_ws/install/my_id_robot/lib/pkgconfig/my_id_robot.pc'
[10.938s] Level 1:colcon.colcon_core.environment:checking '/home/redleader/ros2_ws/install/my_id_robot/lib/python3.10/site-packages'
[10.938s] Level 1:colcon.colcon_core.shell:create_environment_hook('my_id_robot', 'pythonpath')
[11.013s] INFO:colcon.colcon_core.shell:Creating environment hook '/home/redleader/ros2_ws/install/my_id_robot/share/my_id_robot/hook/pythonpath.ps1'
[11.015s] INFO:colcon.colcon_core.shell:Creating environment descriptor '/home/redleader/ros2_ws/install/my_id_robot/share/my_id_robot/hook/pythonpath.dsv'
[11.017s] INFO:colcon.colcon_core.shell:Creating environment hook '/home/redleader/ros2_ws/install/my_id_robot/share/my_id_robot/hook/pythonpath.sh'
[11.019s] Level 1:colcon.colcon_core.environment:checking '/home/redleader/ros2_ws/install/my_id_robot/bin'
[11.020s] Level 1:colcon.colcon_core.environment:create_environment_scripts_only(my_id_robot)
[11.088s] INFO:colcon.colcon_core.shell:Creating package script '/home/redleader/ros2_ws/install/my_id_robot/share/my_id_robot/package.ps1'
[11.092s] INFO:colcon.colcon_core.shell:Creating package descriptor '/home/redleader/ros2_ws/install/my_id_robot/share/my_id_robot/package.dsv'
[11.095s] INFO:colcon.colcon_core.shell:Creating package script '/home/redleader/ros2_ws/install/my_id_robot/share/my_id_robot/package.sh'
[11.099s] INFO:colcon.colcon_core.shell:Creating package script '/home/redleader/ros2_ws/install/my_id_robot/share/my_id_robot/package.bash'
[11.103s] INFO:colcon.colcon_core.shell:Creating package script '/home/redleader/ros2_ws/install/my_id_robot/share/my_id_robot/package.zsh'
[11.106s] Level 1:colcon.colcon_core.environment:create_file_with_runtime_dependencies(/home/redleader/ros2_ws/install/my_id_robot/share/colcon-core/packages/my_id_robot)
[11.108s] DEBUG:colcon.colcon_parallel_executor.executor.parallel:closing loop
[11.109s] DEBUG:colcon.colcon_parallel_executor.executor.parallel:loop closed
[11.109s] DEBUG:colcon.colcon_parallel_executor.executor.parallel:run_until_complete finished with '0'
[11.110s] DEBUG:colcon.colcon_core.event_reactor:joining thread
[11.233s] INFO:colcon.colcon_core.plugin_system:Skipping extension 'colcon_notification.desktop_notification.terminal_notifier': Not used on non-Darwin systems
[11.234s] INFO:colcon.colcon_core.plugin_system:Skipping extension 'colcon_notification.desktop_notification.win32': Not used on non-Windows systems
[11.234s] INFO:colcon.colcon_notification.desktop_notification:Sending desktop notification using 'notify2'
[11.297s] DEBUG:colcon.colcon_core.event_reactor:joined thread
[11.405s] INFO:colcon.colcon_core.shell:Creating prefix script '/home/redleader/ros2_ws/install/local_setup.ps1'
[11.409s] INFO:colcon.colcon_core.shell:Creating prefix util module '/home/redleader/ros2_ws/install/_local_setup_util_ps1.py'
[11.415s] INFO:colcon.colcon_core.shell:Creating prefix chain script '/home/redleader/ros2_ws/install/setup.ps1'
[11.507s] INFO:colcon.colcon_core.shell:Creating prefix script '/home/redleader/ros2_ws/install/local_setup.sh'
[11.510s] INFO:colcon.colcon_core.shell:Creating prefix util module '/home/redleader/ros2_ws/install/_local_setup_util_sh.py'
[11.514s] INFO:colcon.colcon_core.shell:Creating prefix chain script '/home/redleader/ros2_ws/install/setup.sh'
[11.616s] INFO:colcon.colcon_core.shell:Creating prefix script '/home/redleader/ros2_ws/install/local_setup.bash'
[11.619s] INFO:colcon.colcon_core.shell:Creating prefix chain script '/home/redleader/ros2_ws/install/setup.bash'
[11.713s] INFO:colcon.colcon_core.shell:Creating prefix script '/home/redleader/ros2_ws/install/local_setup.zsh'
[11.716s] INFO:colcon.colcon_core.shell:Creating prefix chain script '/home/redleader/ros2_ws/install/setup.zsh'
