[4.940s] DEBUG:colcon:Command line arguments: ['/usr/bin/colcon', 'build']
[4.940s] DEBUG:colcon:Parsed command line arguments: Namespace(log_base=None, log_level=None, verb_name='build', build_base='build', install_base='install', merge_install=False, symlink_install=False, test_result_base=None, continue_on_error=False, executor='parallel', parallel_workers=4, event_handlers=None, ignore_user_meta=False, metas=['./colcon.meta'], base_paths=['.'], packages_ignore=None, packages_ignore_regex=None, paths=None, packages_up_to=None, packages_up_to_regex=None, packages_above=None, packages_above_and_dependencies=None, packages_above_depth=None, packages_select_by_dep=None, packages_skip_by_dep=None, packages_skip_up_to=None, packages_select_build_failed=False, packages_skip_build_finished=False, packages_select_test_failures=False, packages_skip_test_passed=False, packages_select=None, packages_skip=None, packages_select_regex=None, packages_skip_regex=None, packages_start=None, packages_end=None, allow_overriding=[], cmake_args=None, cmake_target=None, cmake_target_skip_unavailable=False, cmake_clean_cache=False, cmake_clean_first=False, cmake_force_configure=False, ament_cmake_args=None, catkin_cmake_args=None, catkin_skip_building_tests=False, verb_parser=<colcon_defaults.argument_parser.defaults.DefaultArgumentsDecorator object at 0xffffaa7988e0>, verb_extension=<colcon_core.verb.build.BuildVerb object at 0xffffaaa81720>, main=<bound method BuildVerb.main of <colcon_core.verb.build.BuildVerb object at 0xffffaaa81720>>)
[5.323s] Level 1:colcon.colcon_core.package_discovery:discover_packages(colcon_meta) check parameters
[5.323s] Level 1:colcon.colcon_core.package_discovery:discover_packages(recursive) check parameters
[5.323s] Level 1:colcon.colcon_core.package_discovery:discover_packages(ignore) check parameters
[5.324s] Level 1:colcon.colcon_core.package_discovery:discover_packages(path) check parameters
[5.324s] Level 1:colcon.colcon_core.package_discovery:discover_packages(colcon_meta) discover
[5.324s] Level 1:colcon.colcon_core.package_discovery:discover_packages(recursive) discover
[5.324s] INFO:colcon.colcon_core.package_discovery:Crawling recursively for packages in '/home/redleader/ros2_ws'
[5.325s] Level 1:colcon.colcon_core.package_identification:_identify(.) by extensions ['ignore', 'ignore_ament_install']
[5.325s] Level 1:colcon.colcon_core.package_identification:_identify(.) by extension 'ignore'
[5.325s] Level 1:colcon.colcon_core.package_identification:_identify(.) by extension 'ignore_ament_install'
[5.325s] Level 1:colcon.colcon_core.package_identification:_identify(.) by extensions ['colcon_pkg']
[5.326s] Level 1:colcon.colcon_core.package_identification:_identify(.) by extension 'colcon_pkg'
[5.326s] Level 1:colcon.colcon_core.package_identification:_identify(.) by extensions ['colcon_meta']
[5.326s] Level 1:colcon.colcon_core.package_identification:_identify(.) by extension 'colcon_meta'
[5.326s] Level 1:colcon.colcon_core.package_identification:_identify(.) by extensions ['ros']
[5.326s] Level 1:colcon.colcon_core.package_identification:_identify(.) by extension 'ros'
[5.377s] Level 1:colcon.colcon_core.package_identification:_identify(.) by extensions ['cmake', 'python']
[5.378s] Level 1:colcon.colcon_core.package_identification:_identify(.) by extension 'cmake'
[5.378s] Level 1:colcon.colcon_core.package_identification:_identify(.) by extension 'python'
[5.378s] Level 1:colcon.colcon_core.package_identification:_identify(.) by extensions ['python_setup_py']
[5.378s] Level 1:colcon.colcon_core.package_identification:_identify(.) by extension 'python_setup_py'
[5.379s] Level 1:colcon.colcon_core.package_identification:_identify(build) by extensions ['ignore', 'ignore_ament_install']
[5.379s] Level 1:colcon.colcon_core.package_identification:_identify(build) by extension 'ignore'
[5.379s] Level 1:colcon.colcon_core.package_identification:_identify(build) ignored
[5.380s] Level 1:colcon.colcon_core.package_identification:_identify(install) by extensions ['ignore', 'ignore_ament_install']
[5.380s] Level 1:colcon.colcon_core.package_identification:_identify(install) by extension 'ignore'
[5.381s] Level 1:colcon.colcon_core.package_identification:_identify(install) ignored
[5.381s] Level 1:colcon.colcon_core.package_identification:_identify(log) by extensions ['ignore', 'ignore_ament_install']
[5.381s] Level 1:colcon.colcon_core.package_identification:_identify(log) by extension 'ignore'
[5.382s] Level 1:colcon.colcon_core.package_identification:_identify(log) ignored
[5.408s] Level 1:colcon.colcon_core.package_identification:_identify(src) by extensions ['ignore', 'ignore_ament_install']
[5.409s] Level 1:colcon.colcon_core.package_identification:_identify(src) by extension 'ignore'
[5.410s] Level 1:colcon.colcon_core.package_identification:_identify(src) by extension 'ignore_ament_install'
[5.410s] Level 1:colcon.colcon_core.package_identification:_identify(src) by extensions ['colcon_pkg']
[5.410s] Level 1:colcon.colcon_core.package_identification:_identify(src) by extension 'colcon_pkg'
[5.411s] Level 1:colcon.colcon_core.package_identification:_identify(src) by extensions ['colcon_meta']
[5.411s] Level 1:colcon.colcon_core.package_identification:_identify(src) by extension 'colcon_meta'
[5.412s] Level 1:colcon.colcon_core.package_identification:_identify(src) by extensions ['ros']
[5.412s] Level 1:colcon.colcon_core.package_identification:_identify(src) by extension 'ros'
[5.413s] Level 1:colcon.colcon_core.package_identification:_identify(src) by extensions ['cmake', 'python']
[5.413s] Level 1:colcon.colcon_core.package_identification:_identify(src) by extension 'cmake'
[5.414s] Level 1:colcon.colcon_core.package_identification:_identify(src) by extension 'python'
[5.414s] Level 1:colcon.colcon_core.package_identification:_identify(src) by extensions ['python_setup_py']
[5.414s] Level 1:colcon.colcon_core.package_identification:_identify(src) by extension 'python_setup_py'
[5.435s] Level 1:colcon.colcon_core.package_identification:_identify(src/my_id_robot) by extensions ['ignore', 'ignore_ament_install']
[5.435s] Level 1:colcon.colcon_core.package_identification:_identify(src/my_id_robot) by extension 'ignore'
[5.436s] Level 1:colcon.colcon_core.package_identification:_identify(src/my_id_robot) by extension 'ignore_ament_install'
[5.437s] Level 1:colcon.colcon_core.package_identification:_identify(src/my_id_robot) by extensions ['colcon_pkg']
[5.437s] Level 1:colcon.colcon_core.package_identification:_identify(src/my_id_robot) by extension 'colcon_pkg'
[5.438s] Level 1:colcon.colcon_core.package_identification:_identify(src/my_id_robot) by extensions ['colcon_meta']
[5.438s] Level 1:colcon.colcon_core.package_identification:_identify(src/my_id_robot) by extension 'colcon_meta'
[5.438s] Level 1:colcon.colcon_core.package_identification:_identify(src/my_id_robot) by extensions ['ros']
[5.439s] Level 1:colcon.colcon_core.package_identification:_identify(src/my_id_robot) by extension 'ros'
[5.617s] DEBUG:colcon.colcon_core.package_identification:Package 'src/my_id_robot' with type 'ros.ament_python' and name 'my_id_robot'
[5.617s] Level 1:colcon.colcon_core.package_discovery:discover_packages(recursive) using defaults
[5.618s] Level 1:colcon.colcon_core.package_discovery:discover_packages(ignore) discover
[5.618s] Level 1:colcon.colcon_core.package_discovery:discover_packages(ignore) using defaults
[5.618s] Level 1:colcon.colcon_core.package_discovery:discover_packages(path) discover
[5.618s] Level 1:colcon.colcon_core.package_discovery:discover_packages(path) using defaults
[6.090s] Level 1:colcon.colcon_core.package_discovery:discover_packages(prefix_path) check parameters
[6.090s] Level 1:colcon.colcon_core.package_discovery:discover_packages(prefix_path) discover
[6.267s] DEBUG:colcon.colcon_installed_package_information.package_discovery:Found 1 installed packages in /home/redleader/ros2_ws/install
[6.365s] DEBUG:colcon.colcon_installed_package_information.package_discovery:Found 271 installed packages in /opt/ros/humble
[6.371s] Level 1:colcon.colcon_core.package_discovery:discover_packages(prefix_path) using defaults
[6.836s] Level 5:colcon.colcon_core.verb:set package 'my_id_robot' build argument 'cmake_args' from command line to 'None'
[6.836s] Level 5:colcon.colcon_core.verb:set package 'my_id_robot' build argument 'cmake_target' from command line to 'None'
[6.836s] Level 5:colcon.colcon_core.verb:set package 'my_id_robot' build argument 'cmake_target_skip_unavailable' from command line to 'False'
[6.837s] Level 5:colcon.colcon_core.verb:set package 'my_id_robot' build argument 'cmake_clean_cache' from command line to 'False'
[6.837s] Level 5:colcon.colcon_core.verb:set package 'my_id_robot' build argument 'cmake_clean_first' from command line to 'False'
[6.837s] Level 5:colcon.colcon_core.verb:set package 'my_id_robot' build argument 'cmake_force_configure' from command line to 'False'
[6.837s] Level 5:colcon.colcon_core.verb:set package 'my_id_robot' build argument 'ament_cmake_args' from command line to 'None'
[6.837s] Level 5:colcon.colcon_core.verb:set package 'my_id_robot' build argument 'catkin_cmake_args' from command line to 'None'
[6.837s] Level 5:colcon.colcon_core.verb:set package 'my_id_robot' build argument 'catkin_skip_building_tests' from command line to 'False'
[6.837s] DEBUG:colcon.colcon_core.verb:Building package 'my_id_robot' with the following arguments: {'ament_cmake_args': None, 'build_base': '/home/redleader/ros2_ws/build/my_id_robot', 'catkin_cmake_args': None, 'catkin_skip_building_tests': False, 'cmake_args': None, 'cmake_clean_cache': False, 'cmake_clean_first': False, 'cmake_force_configure': False, 'cmake_target': None, 'cmake_target_skip_unavailable': False, 'install_base': '/home/redleader/ros2_ws/install/my_id_robot', 'merge_install': False, 'path': '/home/redleader/ros2_ws/src/my_id_robot', 'symlink_install': False, 'test_result_base': None}
[6.903s] INFO:colcon.colcon_core.executor:Executing jobs using 'parallel' executor
[6.976s] DEBUG:colcon.colcon_parallel_executor.executor.parallel:run_until_complete
[6.977s] INFO:colcon.colcon_ros.task.ament_python.build:Building ROS package in '/home/redleader/ros2_ws/src/my_id_robot' with build type 'ament_python'
[6.978s] Level 1:colcon.colcon_core.shell:create_environment_hook('my_id_robot', 'ament_prefix_path')
[7.082s] INFO:colcon.colcon_core.plugin_system:Skipping extension 'colcon_core.shell.bat': Not used on non-Windows systems
[7.084s] INFO:colcon.colcon_core.shell:Creating environment hook '/home/redleader/ros2_ws/install/my_id_robot/share/my_id_robot/hook/ament_prefix_path.ps1'
[7.090s] INFO:colcon.colcon_core.shell:Creating environment descriptor '/home/redleader/ros2_ws/install/my_id_robot/share/my_id_robot/hook/ament_prefix_path.dsv'
[7.095s] INFO:colcon.colcon_core.shell:Creating environment hook '/home/redleader/ros2_ws/install/my_id_robot/share/my_id_robot/hook/ament_prefix_path.sh'
[7.183s] INFO:colcon.colcon_core.shell:Skip shell extension 'powershell' for command environment: Not usable outside of PowerShell
[7.184s] DEBUG:colcon.colcon_core.shell:Skip shell extension 'dsv' for command environment
[8.720s] INFO:colcon.colcon_core.task.python.build:Building Python package in '/home/redleader/ros2_ws/src/my_id_robot'
[8.804s] INFO:colcon.colcon_core.shell:Skip shell extension 'powershell' for command environment: Not usable outside of PowerShell
[8.805s] DEBUG:colcon.colcon_core.shell:Skip shell extension 'dsv' for command environment
[10.874s] DEBUG:colcon.colcon_core.event_handler.log_command:Invoking command in '/home/redleader/ros2_ws/src/my_id_robot': PYTHONPATH=/home/redleader/ros2_ws/build/my_id_robot/prefix_override:/home/redleader/ros2_ws/install/my_id_robot/lib/python3.10/site-packages:${PYTHONPATH} /usr/bin/python3 setup.py egg_info --egg-base ../../build/my_id_robot build --build-base /home/redleader/ros2_ws/build/my_id_robot/build install --record /home/redleader/ros2_ws/build/my_id_robot/install.log --install-scripts $base/lib/my_id_robot --single-version-externally-managed
[12.338s] DEBUG:colcon.colcon_core.event_handler.log_command:Invoked command in '/home/redleader/ros2_ws/src/my_id_robot' returned '0': PYTHONPATH=/home/redleader/ros2_ws/build/my_id_robot/prefix_override:/home/redleader/ros2_ws/install/my_id_robot/lib/python3.10/site-packages:${PYTHONPATH} /usr/bin/python3 setup.py egg_info --egg-base ../../build/my_id_robot build --build-base /home/redleader/ros2_ws/build/my_id_robot/build install --record /home/redleader/ros2_ws/build/my_id_robot/install.log --install-scripts $base/lib/my_id_robot --single-version-externally-managed
[12.446s] Level 1:colcon.colcon_core.environment:checking '/home/redleader/ros2_ws/install/my_id_robot' for CMake module files
[12.452s] Level 1:colcon.colcon_core.environment:checking '/home/redleader/ros2_ws/install/my_id_robot' for CMake config files
[12.458s] Level 1:colcon.colcon_core.environment:checking '/home/redleader/ros2_ws/install/my_id_robot/lib'
[12.459s] Level 1:colcon.colcon_core.environment:checking '/home/redleader/ros2_ws/install/my_id_robot/bin'
[12.459s] Level 1:colcon.colcon_core.environment:checking '/home/redleader/ros2_ws/install/my_id_robot/lib/pkgconfig/my_id_robot.pc'
[12.461s] Level 1:colcon.colcon_core.environment:checking '/home/redleader/ros2_ws/install/my_id_robot/lib/python3.10/site-packages'
[12.462s] Level 1:colcon.colcon_core.shell:create_environment_hook('my_id_robot', 'pythonpath')
[12.532s] INFO:colcon.colcon_core.shell:Creating environment hook '/home/redleader/ros2_ws/install/my_id_robot/share/my_id_robot/hook/pythonpath.ps1'
[12.534s] INFO:colcon.colcon_core.shell:Creating environment descriptor '/home/redleader/ros2_ws/install/my_id_robot/share/my_id_robot/hook/pythonpath.dsv'
[12.536s] INFO:colcon.colcon_core.shell:Creating environment hook '/home/redleader/ros2_ws/install/my_id_robot/share/my_id_robot/hook/pythonpath.sh'
[12.538s] Level 1:colcon.colcon_core.environment:checking '/home/redleader/ros2_ws/install/my_id_robot/bin'
[12.539s] Level 1:colcon.colcon_core.environment:create_environment_scripts_only(my_id_robot)
[12.616s] INFO:colcon.colcon_core.shell:Creating package script '/home/redleader/ros2_ws/install/my_id_robot/share/my_id_robot/package.ps1'
[12.621s] INFO:colcon.colcon_core.shell:Creating package descriptor '/home/redleader/ros2_ws/install/my_id_robot/share/my_id_robot/package.dsv'
[12.626s] INFO:colcon.colcon_core.shell:Creating package script '/home/redleader/ros2_ws/install/my_id_robot/share/my_id_robot/package.sh'
[12.631s] INFO:colcon.colcon_core.shell:Creating package script '/home/redleader/ros2_ws/install/my_id_robot/share/my_id_robot/package.bash'
[12.638s] INFO:colcon.colcon_core.shell:Creating package script '/home/redleader/ros2_ws/install/my_id_robot/share/my_id_robot/package.zsh'
[12.646s] Level 1:colcon.colcon_core.environment:create_file_with_runtime_dependencies(/home/redleader/ros2_ws/install/my_id_robot/share/colcon-core/packages/my_id_robot)
[12.648s] DEBUG:colcon.colcon_parallel_executor.executor.parallel:closing loop
[12.650s] DEBUG:colcon.colcon_parallel_executor.executor.parallel:loop closed
[12.652s] DEBUG:colcon.colcon_parallel_executor.executor.parallel:run_until_complete finished with '0'
[12.652s] DEBUG:colcon.colcon_core.event_reactor:joining thread
[12.776s] INFO:colcon.colcon_core.plugin_system:Skipping extension 'colcon_notification.desktop_notification.terminal_notifier': Not used on non-Darwin systems
[12.777s] INFO:colcon.colcon_core.plugin_system:Skipping extension 'colcon_notification.desktop_notification.win32': Not used on non-Windows systems
[12.777s] INFO:colcon.colcon_notification.desktop_notification:Sending desktop notification using 'notify2'
[12.874s] DEBUG:colcon.colcon_core.event_reactor:joined thread
[13.007s] INFO:colcon.colcon_core.shell:Creating prefix script '/home/redleader/ros2_ws/install/local_setup.ps1'
[13.014s] INFO:colcon.colcon_core.shell:Creating prefix util module '/home/redleader/ros2_ws/install/_local_setup_util_ps1.py'
[13.023s] INFO:colcon.colcon_core.shell:Creating prefix chain script '/home/redleader/ros2_ws/install/setup.ps1'
[13.157s] INFO:colcon.colcon_core.shell:Creating prefix script '/home/redleader/ros2_ws/install/local_setup.sh'
[13.162s] INFO:colcon.colcon_core.shell:Creating prefix util module '/home/redleader/ros2_ws/install/_local_setup_util_sh.py'
[13.165s] INFO:colcon.colcon_core.shell:Creating prefix chain script '/home/redleader/ros2_ws/install/setup.sh'
[13.247s] INFO:colcon.colcon_core.shell:Creating prefix script '/home/redleader/ros2_ws/install/local_setup.bash'
[13.251s] INFO:colcon.colcon_core.shell:Creating prefix chain script '/home/redleader/ros2_ws/install/setup.bash'
[13.330s] INFO:colcon.colcon_core.shell:Creating prefix script '/home/redleader/ros2_ws/install/local_setup.zsh'
[13.335s] INFO:colcon.colcon_core.shell:Creating prefix chain script '/home/redleader/ros2_ws/install/setup.zsh'
